Log file open, 04/09/18 10:29:08
LogWindows: Failed to load 'aqProf.dll' (GetLastError=126)
LogWindows: File 'aqProf.dll' does not exist
LogWindows: Failed to load 'VSPerf140.dll' (GetLastError=126)
LogWindows: File 'VSPerf140.dll' does not exist
LogWindows: Failed to load 'VtuneApi.dll' (GetLastError=126)
LogWindows: File 'VtuneApi.dll' does not exist
LogWindows: Failed to load 'VtuneApi32e.dll' (GetLastError=126)
LogWindows: File 'VtuneApi32e.dll' does not exist
LogInit: Display: Running engine for game: MyProject
LogPlatformFile: Not using cached read wrapper
LogInit: Display: RandInit(1640989106) SRandInit(1640989106).
LogTaskGraph: Started task graph with 5 named threads and 8 total threads with 3 sets of task threads.
LogStats: Stats thread started at 0.141350
LogD3D11RHI: Aftermath initialized
LogPluginManager: Mounting plugin Paper2D
LogPluginManager: Mounting plugin LightPropagationVolume
LogPluginManager: Mounting plugin CodeLiteSourceCodeAccess
LogPluginManager: Mounting plugin GitSourceControl
LogPluginManager: Mounting plugin KDevelopSourceCodeAccess
LogPluginManager: Mounting plugin NullSourceCodeAccess
LogPluginManager: Mounting plugin PerforceSourceControl
LogPluginManager: Mounting plugin SubversionSourceControl
LogPluginManager: Mounting plugin UObjectPlugin
LogPluginManager: Mounting plugin VisualStudioSourceCodeAccess
LogPluginManager: Mounting plugin XCodeSourceCodeAccess
LogPluginManager: Mounting plugin AssetManagerEditor
LogPluginManager: Mounting plugin AudioCapture
LogPluginManager: Mounting plugin FacialAnimation
LogPluginManager: Mounting plugin GameplayTagsEditor
LogPluginManager: Mounting plugin MobileLauncherProfileWizard
LogPluginManager: Mounting plugin PluginBrowser
LogPluginManager: Mounting plugin SpeedTreeImporter
LogPluginManager: Mounting plugin AlembicImporter
LogPluginManager: Mounting plugin CharacterAI
LogPluginManager: Mounting plugin HTML5Networking
LogPluginManager: Mounting plugin AndroidMedia
LogPluginManager: Mounting plugin AvfMedia
LogPluginManager: Mounting plugin MediaPlayerEditor
LogPluginManager: Mounting plugin WmfMedia
LogPluginManager: Mounting plugin TcpMessaging
LogPluginManager: Mounting plugin UdpMessaging
LogPluginManager: Mounting plugin LevelSequenceEditor
LogPluginManager: Mounting plugin MatineeToLevelSequence
LogPluginManager: Mounting plugin OnlineSubsystemGooglePlay
LogPluginManager: Mounting plugin OnlineSubsystemIOS
LogPluginManager: Mounting plugin OnlineSubsystem
LogPluginManager: Mounting plugin OnlineSubsystemNull
LogPluginManager: Mounting plugin OnlineSubsystemUtils
LogPluginManager: Mounting plugin AndroidDeviceProfileSelector
LogPluginManager: Mounting plugin AndroidMoviePlayer
LogPluginManager: Mounting plugin AndroidPermission
LogPluginManager: Mounting plugin AppleMoviePlayer
LogPluginManager: Mounting plugin ArchVisCharacter
LogPluginManager: Mounting plugin CableComponent
LogPluginManager: Mounting plugin CustomMeshComponent
LogPluginManager: Mounting plugin ExampleDeviceProfileSelector
LogPluginManager: Mounting plugin GoogleCloudMessaging
LogPluginManager: Mounting plugin ImmediatePhysics
LogPluginManager: Mounting plugin IOSDeviceProfileSelector
LogPluginManager: Mounting plugin LinuxDeviceProfileSelector
LogPluginManager: Mounting plugin LocationServicesBPLibrary
LogPluginManager: Mounting plugin MobilePatchingUtils
LogPluginManager: Mounting plugin OculusVR
LogPluginManager: Mounting plugin PhysXVehicles
LogPluginManager: Mounting plugin ProceduralMeshComponent
LogPluginManager: Mounting plugin RuntimePhysXCooking
LogPluginManager: Mounting plugin SteamVR
LogPluginManager: Mounting plugin WindowsMoviePlayer
LogInit: Using libcurl 7.47.1
LogInit:  - built for x86_64-pc-win32
LogInit:  - supports SSL with OpenSSL/1.0.2g
LogInit:  - supports HTTP deflate (compression) using libz 1.2.8
LogInit:  - other features:
LogInit:      CURL_VERSION_SSL
LogInit:      CURL_VERSION_LIBZ
LogInit:      CURL_VERSION_IPV6
LogInit:      CURL_VERSION_ASYNCHDNS
LogInit:      CURL_VERSION_LARGEFILE
LogInit:      CURL_VERSION_IDN
LogInit:  CurlRequestOptions (configurable via config and command line):
LogInit:  - bVerifyPeer = false  - Libcurl will NOT verify peer certificate
LogInit:  - bUseHttpProxy = false  - Libcurl will NOT use HTTP proxy
LogInit:  - bDontReuseConnections = false  - Libcurl will reuse connections
LogInit:  - CertBundlePath = nullptr  - Libcurl will use whatever was configured at build time.
LogInit: Build: ++UE4+Release-4.17-CL-3658906
LogInit: Engine Version: 4.17.2-3658906+++UE4+Release-4.17
LogInit: Compatible Engine Version: 4.17.0-3573198+++UE4+Release-4.17
LogInit: Net CL: 3573198
LogDevObjectVersion: Number of dev versions registered: 16
LogDevObjectVersion:   Dev-Blueprints (B0D832E4-1F89-4F0D-ACCF-7EB736FD4AA2): 10
LogDevObjectVersion:   Dev-Build (E1C64328-A22C-4D53-A36C-8E866417BD8C): 0
LogDevObjectVersion:   Dev-Core (375EC13C-06E4-48FB-B500-84F0262A717E): 2
LogDevObjectVersion:   Dev-Editor (E4B068ED-F494-42E9-A231-DA0B2E46BB41): 20
LogDevObjectVersion:   Dev-Framework (CFFC743F-43B0-4480-9391-14DF171D2073): 28
LogDevObjectVersion:   Dev-Mobile (B02B49B5-BB20-44E9-A304-32B752E40360): 0
LogDevObjectVersion:   Dev-Networking (A4E4105C-59A1-49B5-A7C5-40C4547EDFEE): 0
LogDevObjectVersion:   Dev-Online (39C831C9-5AE6-47DC-9A44-9C173E1C8E7C): 0
LogDevObjectVersion:   Dev-Physics (78F01B33-EBEA-4F98-B9B4-84EACCB95AA2): 0
LogDevObjectVersion:   Dev-Platform (6631380F-2D4D-43E0-8009-CF276956A95A): 0
LogDevObjectVersion:   Dev-Rendering (12F88B9F-8875-4AFC-A67C-D90C383ABD29): 19
LogDevObjectVersion:   Dev-Sequencer (7B5AE74C-D270-4C10-A958-57980B212A5A): 4
LogDevObjectVersion:   Dev-VR (D7296918-1DD6-4BDD-9DE2-64A83CC13884): 0
LogDevObjectVersion:   Dev-LoadTimes (C2A15278-BFE7-4AFE-6C17-90FF531DF755): 1
LogDevObjectVersion:   Private-Geometry (6EACA3D4-40EC-4CC1-B786-8BED09428FC5): 1
LogDevObjectVersion:   Dev-AnimPhys (29E575DD-E0A3-4627-9D10-D276232CDCEA): 7
LogInit: Compiled (64-bit): Sep 22 2017 13:47:16
LogInit: Compiled with Visual C++: 19.00.24215.01
LogInit: Build Configuration: Development
LogInit: Branch Name: ++UE4+Release-4.17
LogInit: Command line: -EpicPortal 
LogInit: Base directory: C:/Program Files/Epic Games/UE_4.17/Engine/Binaries/Win64/
LogInit: Installed Engine Build: 1
LogInit: Presizing for max 8388607 objects, including 0 objects not considered by GC, pre-allocating 0 bytes for permanent pool.
LogInit: Object subsystem initialized
[2018.04.09-14.29.09:145][  0]LogInit: Selected Device Profile: [Windows]
[2018.04.09-14.29.09:145][  0]LogInit: Applying CVar settings loaded from the selected device profile: [Windows]
[2018.04.09-14.29.09:195][  0]LogInit: Computer: LAPTOP-51E9OK05
[2018.04.09-14.29.09:195][  0]LogInit: User: codst
[2018.04.09-14.29.09:196][  0]LogInit: CPU Page size=4096, Cores=2
[2018.04.09-14.29.09:196][  0]LogInit: High frequency timer resolution =2.343752 MHz
[2018.04.09-14.29.09:196][  0]LogMemory: Memory total: Physical=11.9GB (12GB approx)
[2018.04.09-14.29.09:196][  0]LogMemory: Platform Memory Stats for Windows
[2018.04.09-14.29.09:196][  0]LogMemory: Process Physical Memory: 279.08 MB used, 279.08 MB peak
[2018.04.09-14.29.09:196][  0]LogMemory: Process Virtual Memory: 275.84 MB used, 275.84 MB peak
[2018.04.09-14.29.09:196][  0]LogMemory: Physical Memory: 5347.98 MB used,  6808.15 MB free, 12156.13 MB total
[2018.04.09-14.29.09:196][  0]LogMemory: Virtual Memory: 705.40 MB used,  6808.15 MB free, 134217728.00 MB total
[2018.04.09-14.29.09:446][  0]LogInit: Using OS detected language (en-US).
[2018.04.09-14.29.09:446][  0]LogInit: Using OS detected locale (en-US).
[2018.04.09-14.29.09:450][  0]LogTextLocalizationManager: No specific localization for 'en-US' exists, so the 'en' localization will be used.
[2018.04.09-14.29.10:440][  0]LogD3D11RHI: D3D11 adapters:
[2018.04.09-14.29.10:450][  0]LogD3D11RHI:    0. 'Intel(R) HD Graphics 620' (Feature Level 11_0)
[2018.04.09-14.29.10:450][  0]LogD3D11RHI:       128/0/6078 MB DedicatedVideo/DedicatedSystem/SharedSystem, Outputs:1, VendorId:0x8086
[2018.04.09-14.29.10:453][  0]LogD3D11RHI:    1. 'Microsoft Basic Render Driver' (Feature Level 11_0)
[2018.04.09-14.29.10:453][  0]LogD3D11RHI:       0/0/6078 MB DedicatedVideo/DedicatedSystem/SharedSystem, Outputs:0, VendorId:0x1414
[2018.04.09-14.29.10:453][  0]LogD3D11RHI: Chosen D3D11 Adapter: 0
[2018.04.09-14.29.10:458][  0]LogD3D11RHI: Creating new Direct3DDevice
[2018.04.09-14.29.10:459][  0]LogD3D11RHI:     GPU DeviceId: 0x5916 (for the marketing name, search the web for "GPU Device Id")
[2018.04.09-14.29.10:459][  0]LogWindows: EnumDisplayDevices:
[2018.04.09-14.29.10:459][  0]LogWindows:    0. 'Intel(R) HD Graphics 620' (P:1 D:1)
[2018.04.09-14.29.10:459][  0]LogWindows:    1. 'Intel(R) HD Graphics 620' (P:0 D:0)
[2018.04.09-14.29.10:459][  0]LogWindows:    2. 'Intel(R) HD Graphics 620' (P:0 D:0)
[2018.04.09-14.29.10:459][  0]LogWindows: DebugString: GetVideoDriverDetailsInvalid PrimaryIsNotTheChoosenAdapter GetVideoDriverDetailsInvalid PrimaryIsNotTheChoosenAdapter GetVideoDriverDetailsInvalid PrimaryIsNotTheChoosenAdapter FoundDriverCount:0 
[2018.04.09-14.29.10:459][  0]LogD3D11RHI:     Adapter Name: Intel(R) HD Graphics 620
[2018.04.09-14.29.10:459][  0]LogD3D11RHI:   Driver Version: Unknown (internal:Unknown, unified:Unknown)
[2018.04.09-14.29.10:459][  0]LogD3D11RHI:      Driver Date: Unknown
[2018.04.09-14.29.10:459][  0]LogRHI: Texture pool is 1361 MB (70% of 1945 MB)
[2018.04.09-14.29.10:466][  0]LogD3D11RHI: Async texture creation enabled
[2018.04.09-14.29.10:472][  0]LogD3D11RHI: GPU Timing Frequency: 12.000000 (Debug: 2 0)
[2018.04.09-14.29.10:473][  0]LogShaderCompilers: Guid format shader working directory is -37 characters bigger than the processId version (../../../../../../Users/codst/OneDrive/Documents/GitHub/FinalProjectG300/MyProject/Intermediate/Shaders/WorkingDirectory/11232/).
[2018.04.09-14.29.10:474][  0]LogShaderCompilers: Cleaned the shader compiler working directory 'C:/Users/codst/AppData/Local/Temp/UnrealShaderWorkingDir/B7B41F7B4BAB717077D945809FE9852F/'.
[2018.04.09-14.29.10:474][  0]LogShaderCompilers: Display: Using Local Shader Compiler.
[2018.04.09-14.29.11:775][  0]LogTemp: Display: Loaded TP AllDesktopTargetPlatform
[2018.04.09-14.29.11:841][  0]LogTemp: Display: Loaded TP MacClientTargetPlatform
[2018.04.09-14.29.11:910][  0]LogTemp: Display: Loaded TP MacNoEditorTargetPlatform
[2018.04.09-14.29.11:982][  0]LogTemp: Display: Loaded TP MacServerTargetPlatform
[2018.04.09-14.29.12:053][  0]LogTemp: Display: Loaded TP MacTargetPlatform
[2018.04.09-14.29.12:120][  0]LogTemp: Display: Loaded TP WindowsClientTargetPlatform
[2018.04.09-14.29.12:188][  0]LogTemp: Display: Loaded TP WindowsNoEditorTargetPlatform
[2018.04.09-14.29.12:256][  0]LogTemp: Display: Loaded TP WindowsServerTargetPlatform
[2018.04.09-14.29.12:315][  0]LogTemp: Display: Loaded TP WindowsTargetPlatform
[2018.04.09-14.29.12:380][  0]LogTemp: Display: Loaded TP AndroidTargetPlatform
[2018.04.09-14.29.12:446][  0]LogTemp: Display: Loaded TP Android_ASTCTargetPlatform
[2018.04.09-14.29.12:511][  0]LogTemp: Display: Loaded TP Android_ATCTargetPlatform
[2018.04.09-14.29.12:576][  0]LogTemp: Display: Loaded TP Android_DXTTargetPlatform
[2018.04.09-14.29.12:643][  0]LogTemp: Display: Loaded TP Android_ETC1TargetPlatform
[2018.04.09-14.29.12:711][  0]LogTemp: Display: Loaded TP Android_ETC2TargetPlatform
[2018.04.09-14.29.12:842][  0]LogTemp: Display: Loaded TP Android_MultiTargetPlatform
[2018.04.09-14.29.12:842][  0]LogTemp: Display: Loaded TP Android_PVRTCTargetPlatform
[2018.04.09-14.29.12:892][  0]LogTemp: Display: Loaded TP HTML5TargetPlatform
[2018.04.09-14.29.13:008][  0]LogTemp: Display: Loaded TP IOSTargetPlatform
[2018.04.09-14.29.13:050][  0]LogTemp: Display: Loaded TP TVOSTargetPlatform
[2018.04.09-14.29.13:116][  0]LogTemp: Display: Loaded TP LinuxClientTargetPlatform
[2018.04.09-14.29.13:182][  0]LogTemp: Display: Loaded TP LinuxNoEditorTargetPlatform
[2018.04.09-14.29.13:249][  0]LogTemp: Display: Loaded TP LinuxServerTargetPlatform
[2018.04.09-14.29.13:314][  0]LogTemp: Display: Loaded TP LinuxTargetPlatform
[2018.04.09-14.29.13:314][  0]LogTargetPlatformManager: Display: Building Assets For Windows
[2018.04.09-14.29.13:950][  0]LogDerivedDataCache: Display: Max Cache Size: 512 MB
[2018.04.09-14.29.14:083][  0]LogDerivedDataCache: Loaded boot cache 0.13s 93MB C:/Users/codst/AppData/Local/UnrealEngine/4.17/DerivedDataCache/Boot.ddc.
[2018.04.09-14.29.14:083][  0]LogDerivedDataCache: Display: Loaded Boot cache: C:/Users/codst/AppData/Local/UnrealEngine/4.17/DerivedDataCache/Boot.ddc
[2018.04.09-14.29.14:083][  0]LogDerivedDataCache: FDerivedDataBackendGraph:  Pak pak cache file ../../../../../../Users/codst/OneDrive/Documents/GitHub/FinalProjectG300/MyProject/DerivedDataCache/DDC.ddp not found, will not use a pak cache.
[2018.04.09-14.29.14:083][  0]LogDerivedDataCache: Unable to find inner node Pak for hierarchical cache Hierarchy.
[2018.04.09-14.29.14:083][  0]LogDerivedDataCache: FDerivedDataBackendGraph:  CompressedPak pak cache file ../../../../../../Users/codst/OneDrive/Documents/GitHub/FinalProjectG300/MyProject/DerivedDataCache/Compressed.ddp not found, will not use a pak cache.
[2018.04.09-14.29.14:083][  0]LogDerivedDataCache: Unable to find inner node CompressedPak for hierarchical cache Hierarchy.
[2018.04.09-14.29.14:104][  0]LogDerivedDataCache: Display: Pak cache opened for reading ../../../Engine/DerivedDataCache/Compressed.ddp.
[2018.04.09-14.29.14:116][  0]LogDerivedDataCache: Using Local data cache path C:/Users/codst/AppData/Local/UnrealEngine/Common/DerivedDataCache: Writable
[2018.04.09-14.29.14:130][  0]LogMaterial: Verifying Global Shaders for PCD3D_SM5
[2018.04.09-14.29.14:131][  0]LogSlate: Using Freetype 2.6.0
[2018.04.09-14.29.14:131][  0]LogSlate: SlateFontCache - WITH_FREETYPE: 1, WITH_HARFBUZZ: 1
[2018.04.09-14.29.14:131][  0]LogSlate: SlateFontCache - WITH_FREETYPE: 1, WITH_HARFBUZZ: 1
[2018.04.09-14.29.14:467][  0]LogAssetRegistry: FAssetRegistry took 0.0275 seconds to start up
[2018.04.09-14.29.14:632][  0]LogInit: Selected Device Profile: [Windows]
[2018.04.09-14.29.14:867][  0]LogContentStreaming: Texture pool size is 0.00 MB
[2018.04.09-14.29.15:267][  0]LogSimplygon: Simplygon DLL not present - disabling.
[2018.04.09-14.29.15:321][  0]LogMeshReduction: Using SimplygonSwarm for distributed automatic mesh merging
[2018.04.09-14.29.15:321][  0]LogMeshReduction: Using QuadricMeshReduction for automatic static mesh reduction
[2018.04.09-14.29.15:321][  0]LogMeshReduction: No automatic skeletal mesh reduction module available
[2018.04.09-14.29.15:321][  0]LogMeshReduction: No automatic mesh merging module available
[2018.04.09-14.29.15:321][  0]LogMeshMerging: No automatic mesh merging module available
[2018.04.09-14.29.15:801][  0]LogNetVersion: MyProject , NetCL: 3573198, EngineNetVer: 2, GameNetVer: 0 (Checksum: 3113362612)
[2018.04.09-14.29.16:111][  0]LogPackageLocalizationCache: Processed 5 localized package path(s) for 2 prioritized culture(s) in 0.075701 seconds
[2018.04.09-14.29.16:120][  0]LogUObjectArray: 35825 objects as part of root set at end of initial load.
[2018.04.09-14.29.16:120][  0]LogUObjectAllocator: 7529112 out of 0 bytes used by permanent object pool.
[2018.04.09-14.29.16:120][  0]LogUObjectArray: CloseDisregardForGC: 0/0 objects in disregard for GC pool
[2018.04.09-14.29.16:199][  0]LogInit: WinSock: version 1.1 (2.2), MaxSocks=32767, MaxUdp=65467
[2018.04.09-14.29.19:564][  0]LogTcpMessaging: Initializing TcpMessaging bridge
[2018.04.09-14.29.19:611][  0]LogUdpMessaging: Initializing bridge on interface 0.0.0.0:0 to multicast group 230.0.0.1:6666.
[2018.04.09-14.29.20:409][  0]LogMaterial: Uniform references updated for custom material expression Custom.
[2018.04.09-14.29.20:943][  0]SourceControl: Source control is disabled
[2018.04.09-14.29.20:943][  0]SourceControl: Source control is disabled
[2018.04.09-14.29.21:006][  0]SourceControl: Source control is disabled
[2018.04.09-14.29.21:064][  0]SourceControl: Source control is disabled
[2018.04.09-14.29.21:806][  0]LogAndroidPermission: UAndroidPermissionCallbackProxy::GetInstance
[2018.04.09-14.29.22:112][  0]LogOcInput: OculusInput pre-init called
[2018.04.09-14.29.22:439][  0]LogEngine: Initializing Engine...
[2018.04.09-14.29.22:442][  0]LogHMD: Failed to initialize OpenVR with code 110
[2018.04.09-14.29.22:750][  0]LogStats: UGameplayTagsManager::ConstructGameplayTagTree: Construct from data asset -  0.000 s
[2018.04.09-14.29.22:750][  0]LogStats: UGameplayTagsManager::ConstructGameplayTagTree: GameplayTagTreeChangedEvent.Broadcast -  0.000 s
[2018.04.09-14.29.22:938][  0]LogAIModule: Creating AISystem for world Untitled
[2018.04.09-14.29.22:950][  0]LogInit: XAudio2 using 'LCD TV (Intel(R) Display Audio)' : 2 channels at 48 kHz using 16 bits per sample (channel mask 0x3)
[2018.04.09-14.29.22:979][  0]LogInit: FAudioDevice initialized.
[2018.04.09-14.29.23:330][  0]LogDerivedDataCache: Saved boot cache 0.35s 93MB C:/Users/codst/AppData/Local/UnrealEngine/4.17/DerivedDataCache/Boot.ddc.
[2018.04.09-14.29.23:352][  0]LogInit: Texture streaming: Enabled
[2018.04.09-14.29.23:522][  0]LogEngineSessionManager: EngineSessionManager initialized
[2018.04.09-14.29.23:848][  0]LogInit: Transaction tracking system initialized
[2018.04.09-14.29.24:291][  0]BlueprintLog: New page: Editor Load
[2018.04.09-14.29.25:580][  0]LocalizationService: Localization service is disabled
[2018.04.09-14.29.26:543][  0]LogConsoleResponse: Display: 
[2018.04.09-14.29.26:849][  0]LogCook: Display: Max memory allowance for cook 16384mb min free memory 0mb
[2018.04.09-14.29.26:850][  0]LogCook: Display: Mobile HDR setting 1
[2018.04.09-14.29.26:850][  0]LogGameplayTags: Display: UGameplayTagsManager::DoneAddingNativeTags. DelegateIsBound: 0
[2018.04.09-14.29.27:293][  0]LogFileCache: Scanning file cache for directory 'C:/Users/codst/OneDrive/Documents/GitHub/FinalProjectG300/MyProject/Content/' took 0.02s
[2018.04.09-14.29.28:287][  0]SourceControl: Source control is disabled
[2018.04.09-14.29.28:288][  0]Cmd: MAP LOAD FILE="../../../../../../Users/codst/OneDrive/Documents/GitHub/FinalProjectG300/MyProject/Content/ThirdPersonBP/Maps/ThirdPersonExampleMap.umap" TEMPLATE=0 SHOWPROGRESS=1 FEATURELEVEL=3
[2018.04.09-14.29.28:288][  0]LightingResults: New page: Lighting Build
[2018.04.09-14.29.28:345][  0]MapCheck: New page: Map Check
[2018.04.09-14.29.28:345][  0]LightingResults: New page: Lighting Build
[2018.04.09-14.29.30:339][  0]LogAIModule: Creating AISystem for world ThirdPersonExampleMap
[2018.04.09-14.29.30:409][  0]LogEditorServer: Finished looking for orphan Actors (0.000 secs)
[2018.04.09-14.29.30:449][  0]Cmd: MAP CHECKDEP NOCLEARLOG
[2018.04.09-14.29.30:522][  0]MapCheck: Map check complete: 0 Error(s), 0 Warning(s), took 72.873ms to complete.
[2018.04.09-14.29.30:522][  0]LogFileHelpers: Loading map 'ThirdPersonExampleMap' took 2.235
[2018.04.09-14.29.30:807][  0]LogCollectionManager: Loaded 0 collections in 0.001924 seconds
[2018.04.09-14.29.30:912][  0]LogFileCache: Scanning file cache for directory 'C:/Users/codst/OneDrive/Documents/GitHub/FinalProjectG300/MyProject/Saved/Collections/' took 0.01s
[2018.04.09-14.29.30:912][  0]LogFileCache: Scanning file cache for directory 'C:/Users/codst/OneDrive/Documents/GitHub/FinalProjectG300/MyProject/Content/Developers/codst/Collections/' took 0.01s
[2018.04.09-14.29.30:912][  0]LogFileCache: Scanning file cache for directory 'C:/Users/codst/OneDrive/Documents/GitHub/FinalProjectG300/MyProject/Content/Collections/' took 0.01s
[2018.04.09-14.29.30:912][  0]LogCollectionManager: Rebuilt the GUID cache for 0 collections in 0.000000 seconds
[2018.04.09-14.29.30:928][  0]LogContentBrowser: Native class hierarchy populated in 0.0152 seconds. Added 2386 classes and 500 folders.
[2018.04.09-14.29.31:017][  0]LogContentBrowser: Native class hierarchy updated for 'WidgetCarousel' in 0.0020 seconds. Added 0 classes and 0 folders.
[2018.04.09-14.29.32:583][  0]LogContentBrowser: Native class hierarchy updated for 'AddContentDialog' in 0.0008 seconds. Added 0 classes and 0 folders.
[2018.04.09-14.29.32:649][  0]LogContentBrowser: Native class hierarchy updated for 'SceneOutliner' in 0.0008 seconds. Added 1 classes and 2 folders.
[2018.04.09-14.29.32:777][  0]LogContentBrowser: Native class hierarchy updated for 'HierarchicalLODOutliner' in 0.0009 seconds. Added 1 classes and 2 folders.
[2018.04.09-14.29.32:777][  0]LogLoad: (Engine Initialization) Total time: 26.15 seconds
[2018.04.09-14.29.32:777][  0]LogLoad: (Engine Initialization) Total Blueprint compile time: 0.00 seconds
[2018.04.09-14.29.32:777][  0]LogExternalProfiler: No external profilers were discovered.  External profiling features will not be available.
[2018.04.09-14.29.33:135][  0]LogContentStreaming: Texture pool size now 1000 MB
[2018.04.09-14.29.33:138][  0]LogSlate: Took 0.000415 seconds to synchronously load lazily loaded font '../../../Engine/Content/Slate/Fonts/Roboto-Regular.ttf' (155K)
[2018.04.09-14.29.33:140][  0]LogSlate: Took 0.000195 seconds to synchronously load lazily loaded font '../../../Engine/Content/Slate/Fonts/Roboto-Bold.ttf' (160K)
[2018.04.09-14.29.33:185][  0]LogSlate: Took 0.038220 seconds to synchronously load lazily loaded font '../../../Engine/Content/Editor/Slate/Fonts/FontAwesome.ttf' (139K)
[2018.04.09-14.29.33:485][  0]LogSlate: Took 0.019880 seconds to synchronously load lazily loaded font '../../../Engine/Content/Slate/Fonts/Roboto-Light.ttf' (159K)
[2018.04.09-14.29.33:534][  1]LogAssetRegistry: Asset discovery search completed in 19.0882 seconds
[2018.04.09-14.29.33:537][  1]LogCollectionManager: Rebuilt the object cache for 0 collections in 0.000000 seconds (found 0 objects)
[2018.04.09-14.29.33:537][  1]LogCollectionManager: Fixed up redirectors for 0 collections in 0.000078 seconds (updated 0 objects)
[2018.04.09-14.29.33:691][  2]LogRenderer: Reallocating scene render targets to support 744x360 Format 10 NumSamples 1 (Frame:1).
[2018.04.09-14.29.34:980][  3]LogSlate: Took 0.000404 seconds to synchronously load lazily loaded font '../../../Engine/Content/Slate/Fonts/Roboto-Light.ttf' (159K)
[2018.04.09-14.30.11:966][132]LogRenderer: Reallocating scene render targets to support 1032x436 Format 10 NumSamples 1 (Frame:26).
[2018.04.09-14.30.54:353][555]LogSlate: Took 0.000356 seconds to synchronously load lazily loaded font '../../../Engine/Content/Slate/Fonts/Roboto-Light.ttf' (159K)
[2018.04.09-14.30.54:674][555]LogContentBrowser: Native class hierarchy updated for 'SkeletonEditor' in 0.0009 seconds. Added 1 classes and 2 folders.
[2018.04.09-14.30.55:080][555]LogSlate: Took 0.000213 seconds to synchronously load lazily loaded font '../../../Engine/Content/Slate/Fonts/Roboto-Regular.ttf' (155K)
[2018.04.09-14.30.55:276][555]LogActorComponent: RegisterComponentWithWorld: (/Engine/Transient.World_4:PersistentLevel.Actor_0.DebugSkelMeshComponent_0) Already registered. Aborting.
[2018.04.09-14.30.56:093][555]LogContentBrowser: Native class hierarchy updated for 'BlueprintGraph' in 0.0012 seconds. Added 113 classes and 0 folders.
[2018.04.09-14.30.57:599][555]LogSkeletalMesh: USkeletalMeshComponent::InitArticulated : Bodies already created (/Engine/Transient.World_4:PersistentLevel.Actor_0.DebugSkelMeshComponent_0) - call TermArticulated first.
[2018.04.09-14.30.58:602][555]LogSlate: Took 0.019796 seconds to synchronously load lazily loaded font '../../../Engine/Content/Editor/Slate/Fonts/Roboto-BoldCondensed.ttf' (158K)
[2018.04.09-14.30.59:084][555]LogContentBrowser: Native class hierarchy updated for 'ClothingSystemEditorInterface' in 0.0012 seconds. Added 1 classes and 0 folders.
[2018.04.09-14.30.59:411][556]LogSlate: Took 0.018481 seconds to synchronously load lazily loaded font '../../../Engine/Content/Editor/Slate/Fonts/Roboto-Italic.ttf' (157K)
[2018.04.09-14.30.59:436][556]LogContentBrowser: Verbose: The majority of assets in the view are of type: AnimSequence
[2018.04.09-14.35.49:973][407]LogD3D11RHI: Timed out while waiting for GPU to catch up. (0.5 s)
[2018.04.09-14.36.17:942][861]LogD3D11RHI: Timed out while waiting for GPU to catch up. (0.5 s)
[2018.04.09-14.36.57:753][524]LogSavePackage: Save=200.26ms
[2018.04.09-14.36.57:753][524]LogSavePackage: Moving '../../../../../../Users/codst/OneDrive/Documents/GitHub/FinalProjectG300/MyProject/Saved/ThirdPerson_AnimBPC948E42A4E7799E04A133BBC17FC4F51.tmp' to '../../../../../../Users/codst/OneDrive/Documents/GitHub/FinalProjectG300/MyProject/Content/Mannequin/Animations/ThirdPerson_AnimBP.uasset'
[2018.04.09-14.36.57:765][524]LogSavePackage: Display: Finished SavePackage ../../../../../../Users/codst/OneDrive/Documents/GitHub/FinalProjectG300/MyProject/Content/Mannequin/Animations/ThirdPerson_AnimBP.uasset
[2018.04.09-14.36.58:802][544]BlueprintLog: New page: Compile ThirdPerson_AnimBP
[2018.04.09-14.37.00:218][557]LogSavePackage: Save=197.96ms
[2018.04.09-14.37.00:218][557]LogSavePackage: Moving '../../../../../../Users/codst/OneDrive/Documents/GitHub/FinalProjectG300/MyProject/Saved/ThirdPerson_AnimBP5B775B99459BD258C590CF99301A2B71.tmp' to '../../../../../../Users/codst/OneDrive/Documents/GitHub/FinalProjectG300/MyProject/Content/Mannequin/Animations/ThirdPerson_AnimBP.uasset'
[2018.04.09-14.37.00:221][557]LogSavePackage: Display: Finished SavePackage ../../../../../../Users/codst/OneDrive/Documents/GitHub/FinalProjectG300/MyProject/Content/Mannequin/Animations/ThirdPerson_AnimBP.uasset
[2018.04.09-14.39.11:368][783]BlueprintLog: New page: Compile ThirdPerson_AnimBP
[2018.04.09-14.39.12:684][794]LogSavePackage: Save=231.58ms
[2018.04.09-14.39.12:684][794]LogSavePackage: Moving '../../../../../../Users/codst/OneDrive/Documents/GitHub/FinalProjectG300/MyProject/Saved/ThirdPerson_AnimBPB5BB1C31414BFA93389D7D97DE8231B9.tmp' to '../../../../../../Users/codst/OneDrive/Documents/GitHub/FinalProjectG300/MyProject/Content/Mannequin/Animations/ThirdPerson_AnimBP.uasset'
[2018.04.09-14.39.12:701][794]LogSavePackage: Display: Finished SavePackage ../../../../../../Users/codst/OneDrive/Documents/GitHub/FinalProjectG300/MyProject/Content/Mannequin/Animations/ThirdPerson_AnimBP.uasset
[2018.04.09-14.39.15:513][836]LogTemp: Repeating last play command: Selected Viewport
[2018.04.09-14.39.15:663][836]LogBlueprintUserMessages: Early PlayInEditor Detection: Level '/Game/ThirdPersonBP/Maps/ThirdPersonExampleMap.ThirdPersonExampleMap:PersistentLevel' has LevelScriptBlueprint '/Game/ThirdPersonBP/Maps/ThirdPersonExampleMap.ThirdPersonExampleMap:PersistentLevel.ThirdPersonExampleMap' with GeneratedClass '/Game/ThirdPersonBP/Maps/ThirdPersonExampleMap.ThirdPersonExampleMap_C' with ClassGeneratedBy '/Game/ThirdPersonBP/Maps/ThirdPersonExampleMap.ThirdPersonExampleMap:PersistentLevel.ThirdPersonExampleMap'
[2018.04.09-14.39.15:663][836]LogPlayLevel: PlayLevel: No blueprints needed recompiling
[2018.04.09-14.39.15:664][836]PIE: New page: PIE session: ThirdPersonExampleMap (Apr 9, 2018, 6:39:15 AM)
[2018.04.09-14.39.15:664][836]LogPlayLevel: Creating play world package: /Game/ThirdPersonBP/Maps/UEDPIE_0_ThirdPersonExampleMap
[2018.04.09-14.39.15:694][836]LogPlayLevel: PIE: StaticDuplicateObject took: (0.029501s)
[2018.04.09-14.39.15:696][836]LogAIModule: Creating AISystem for world ThirdPersonExampleMap
[2018.04.09-14.39.15:697][836]LogPlayLevel: PIE: World Init took: (0.002899s)
[2018.04.09-14.39.15:698][836]LogPlayLevel: PIE: Created PIE world by copying editor world from /Game/ThirdPersonBP/Maps/ThirdPersonExampleMap.ThirdPersonExampleMap to /Game/ThirdPersonBP/Maps/UEDPIE_0_ThirdPersonExampleMap.ThirdPersonExampleMap (0.033513s)
[2018.04.09-14.39.15:739][836]LogInit: XAudio2 using 'LCD TV (Intel(R) Display Audio)' : 2 channels at 48 kHz using 16 bits per sample (channel mask 0x3)
[2018.04.09-14.39.15:746][836]LogInit: FAudioDevice initialized.
[2018.04.09-14.39.15:845][836]LogLoad: Game class is 'ThirdPersonGameMode_C'
[2018.04.09-14.39.15:848][836]LogWorld: Bringing World /Game/ThirdPersonBP/Maps/UEDPIE_0_ThirdPersonExampleMap.ThirdPersonExampleMap up for play (max tick rate 60) at 2018.04.09-10.39.15
[2018.04.09-14.39.15:849][836]LogWorld: Bringing up level for play took: 0.003013
[2018.04.09-14.39.15:907][836]LogContentBrowser: Native class hierarchy updated for 'MovieSceneCapture' in 0.0010 seconds. Added 11 classes and 0 folders.
[2018.04.09-14.39.15:908][836]PIE: Play in editor start time for /Game/ThirdPersonBP/Maps/UEDPIE_0_ThirdPersonExampleMap -0.392
[2018.04.09-14.39.15:908][836]LogBlueprintUserMessages: Late PlayInEditor Detection: Level '/Game/ThirdPersonBP/Maps/ThirdPersonExampleMap.ThirdPersonExampleMap:PersistentLevel' has LevelScriptBlueprint '/Game/ThirdPersonBP/Maps/ThirdPersonExampleMap.ThirdPersonExampleMap:PersistentLevel.ThirdPersonExampleMap' with GeneratedClass '/Game/ThirdPersonBP/Maps/ThirdPersonExampleMap.ThirdPersonExampleMap_C' with ClassGeneratedBy '/Game/ThirdPersonBP/Maps/ThirdPersonExampleMap.ThirdPersonExampleMap:PersistentLevel.ThirdPersonExampleMap'
[2018.04.09-14.39.38:727][ 89]LogBlueprintUserMessages: Early EndPlayMap Detection: Level '/Game/ThirdPersonBP/Maps/ThirdPersonExampleMap.ThirdPersonExampleMap:PersistentLevel' has LevelScriptBlueprint '/Game/ThirdPersonBP/Maps/ThirdPersonExampleMap.ThirdPersonExampleMap:PersistentLevel.ThirdPersonExampleMap' with GeneratedClass '/Game/ThirdPersonBP/Maps/ThirdPersonExampleMap.ThirdPersonExampleMap_C' with ClassGeneratedBy '/Game/ThirdPersonBP/Maps/ThirdPersonExampleMap.ThirdPersonExampleMap:PersistentLevel.ThirdPersonExampleMap'
[2018.04.09-14.39.38:857][ 89]LogBlueprintUserMessages: Late EndPlayMap Detection: Level '/Game/ThirdPersonBP/Maps/ThirdPersonExampleMap.ThirdPersonExampleMap:PersistentLevel' has LevelScriptBlueprint '/Game/ThirdPersonBP/Maps/ThirdPersonExampleMap.ThirdPersonExampleMap:PersistentLevel.ThirdPersonExampleMap' with GeneratedClass '/Game/ThirdPersonBP/Maps/ThirdPersonExampleMap.ThirdPersonExampleMap_C' with ClassGeneratedBy '/Game/ThirdPersonBP/Maps/ThirdPersonExampleMap.ThirdPersonExampleMap:PersistentLevel.ThirdPersonExampleMap'
[2018.04.09-14.41.07:968][574]BlueprintLog: New page: Compile ThirdPerson_AnimBP
[2018.04.09-14.41.09:680][592]LogSavePackage: Save=211.64ms
[2018.04.09-14.41.09:680][592]LogSavePackage: Moving '../../../../../../Users/codst/OneDrive/Documents/GitHub/FinalProjectG300/MyProject/Saved/ThirdPerson_AnimBP689E9ED046A1A373B53CB28958D52409.tmp' to '../../../../../../Users/codst/OneDrive/Documents/GitHub/FinalProjectG300/MyProject/Content/Mannequin/Animations/ThirdPerson_AnimBP.uasset'
[2018.04.09-14.41.09:695][592]LogSavePackage: Display: Finished SavePackage ../../../../../../Users/codst/OneDrive/Documents/GitHub/FinalProjectG300/MyProject/Content/Mannequin/Animations/ThirdPerson_AnimBP.uasset
[2018.04.09-14.41.11:296][614]LogTemp: Repeating last play command: Selected Viewport
[2018.04.09-14.41.11:325][614]LogBlueprintUserMessages: Early PlayInEditor Detection: Level '/Game/ThirdPersonBP/Maps/ThirdPersonExampleMap.ThirdPersonExampleMap:PersistentLevel' has LevelScriptBlueprint '/Game/ThirdPersonBP/Maps/ThirdPersonExampleMap.ThirdPersonExampleMap:PersistentLevel.ThirdPersonExampleMap' with GeneratedClass '/Game/ThirdPersonBP/Maps/ThirdPersonExampleMap.ThirdPersonExampleMap_C' with ClassGeneratedBy '/Game/ThirdPersonBP/Maps/ThirdPersonExampleMap.ThirdPersonExampleMap:PersistentLevel.ThirdPersonExampleMap'
[2018.04.09-14.41.11:325][614]LogPlayLevel: PlayLevel: No blueprints needed recompiling
[2018.04.09-14.41.11:325][614]PIE: New page: PIE session: ThirdPersonExampleMap (Apr 9, 2018, 6:41:11 AM)
[2018.04.09-14.41.11:325][614]LogPlayLevel: Creating play world package: /Game/ThirdPersonBP/Maps/UEDPIE_0_ThirdPersonExampleMap
[2018.04.09-14.41.11:350][614]LogPlayLevel: PIE: StaticDuplicateObject took: (0.024131s)
[2018.04.09-14.41.11:351][614]LogAIModule: Creating AISystem for world ThirdPersonExampleMap
[2018.04.09-14.41.11:351][614]LogPlayLevel: PIE: World Init took: (0.001311s)
[2018.04.09-14.41.11:351][614]LogPlayLevel: PIE: Created PIE world by copying editor world from /Game/ThirdPersonBP/Maps/ThirdPersonExampleMap.ThirdPersonExampleMap to /Game/ThirdPersonBP/Maps/UEDPIE_0_ThirdPersonExampleMap.ThirdPersonExampleMap (0.025963s)
[2018.04.09-14.41.11:388][614]LogInit: XAudio2 using 'LCD TV (Intel(R) Display Audio)' : 2 channels at 48 kHz using 16 bits per sample (channel mask 0x3)
[2018.04.09-14.41.11:398][614]LogInit: FAudioDevice initialized.
[2018.04.09-14.41.11:436][614]LogLoad: Game class is 'ThirdPersonGameMode_C'
[2018.04.09-14.41.11:440][614]LogWorld: Bringing World /Game/ThirdPersonBP/Maps/UEDPIE_0_ThirdPersonExampleMap.ThirdPersonExampleMap up for play (max tick rate 60) at 2018.04.09-10.41.11
[2018.04.09-14.41.11:440][614]LogWorld: Bringing up level for play took: 0.003327
[2018.04.09-14.41.11:442][614]PIE: Play in editor start time for /Game/ThirdPersonBP/Maps/UEDPIE_0_ThirdPersonExampleMap -0.858
[2018.04.09-14.41.11:442][614]LogBlueprintUserMessages: Late PlayInEditor Detection: Level '/Game/ThirdPersonBP/Maps/ThirdPersonExampleMap.ThirdPersonExampleMap:PersistentLevel' has LevelScriptBlueprint '/Game/ThirdPersonBP/Maps/ThirdPersonExampleMap.ThirdPersonExampleMap:PersistentLevel.ThirdPersonExampleMap' with GeneratedClass '/Game/ThirdPersonBP/Maps/ThirdPersonExampleMap.ThirdPersonExampleMap_C' with ClassGeneratedBy '/Game/ThirdPersonBP/Maps/ThirdPersonExampleMap.ThirdPersonExampleMap:PersistentLevel.ThirdPersonExampleMap'
[2018.04.09-14.41.25:424][770]LogBlueprintUserMessages: Early EndPlayMap Detection: Level '/Game/ThirdPersonBP/Maps/ThirdPersonExampleMap.ThirdPersonExampleMap:PersistentLevel' has LevelScriptBlueprint '/Game/ThirdPersonBP/Maps/ThirdPersonExampleMap.ThirdPersonExampleMap:PersistentLevel.ThirdPersonExampleMap' with GeneratedClass '/Game/ThirdPersonBP/Maps/ThirdPersonExampleMap.ThirdPersonExampleMap_C' with ClassGeneratedBy '/Game/ThirdPersonBP/Maps/ThirdPersonExampleMap.ThirdPersonExampleMap:PersistentLevel.ThirdPersonExampleMap'
[2018.04.09-14.41.25:540][770]LogBlueprintUserMessages: Late EndPlayMap Detection: Level '/Game/ThirdPersonBP/Maps/ThirdPersonExampleMap.ThirdPersonExampleMap:PersistentLevel' has LevelScriptBlueprint '/Game/ThirdPersonBP/Maps/ThirdPersonExampleMap.ThirdPersonExampleMap:PersistentLevel.ThirdPersonExampleMap' with GeneratedClass '/Game/ThirdPersonBP/Maps/ThirdPersonExampleMap.ThirdPersonExampleMap_C' with ClassGeneratedBy '/Game/ThirdPersonBP/Maps/ThirdPersonExampleMap.ThirdPersonExampleMap:PersistentLevel.ThirdPersonExampleMap'
[2018.04.09-14.42.04:117][166]LogTemp: Repeating last play command: Selected Viewport
[2018.04.09-14.42.04:147][166]LogBlueprintUserMessages: Early PlayInEditor Detection: Level '/Game/ThirdPersonBP/Maps/ThirdPersonExampleMap.ThirdPersonExampleMap:PersistentLevel' has LevelScriptBlueprint '/Game/ThirdPersonBP/Maps/ThirdPersonExampleMap.ThirdPersonExampleMap:PersistentLevel.ThirdPersonExampleMap' with GeneratedClass '/Game/ThirdPersonBP/Maps/ThirdPersonExampleMap.ThirdPersonExampleMap_C' with ClassGeneratedBy '/Game/ThirdPersonBP/Maps/ThirdPersonExampleMap.ThirdPersonExampleMap:PersistentLevel.ThirdPersonExampleMap'
[2018.04.09-14.42.04:147][166]LogPlayLevel: PlayLevel: No blueprints needed recompiling
[2018.04.09-14.42.04:147][166]PIE: New page: PIE session: ThirdPersonExampleMap (Apr 9, 2018, 6:42:04 AM)
[2018.04.09-14.42.04:147][166]LogPlayLevel: Creating play world package: /Game/ThirdPersonBP/Maps/UEDPIE_0_ThirdPersonExampleMap
[2018.04.09-14.42.04:172][166]LogPlayLevel: PIE: StaticDuplicateObject took: (0.024866s)
[2018.04.09-14.42.04:173][166]LogAIModule: Creating AISystem for world ThirdPersonExampleMap
[2018.04.09-14.42.04:173][166]LogPlayLevel: PIE: World Init took: (0.001408s)
[2018.04.09-14.42.04:174][166]LogPlayLevel: PIE: Created PIE world by copying editor world from /Game/ThirdPersonBP/Maps/ThirdPersonExampleMap.ThirdPersonExampleMap to /Game/ThirdPersonBP/Maps/UEDPIE_0_ThirdPersonExampleMap.ThirdPersonExampleMap (0.026824s)
[2018.04.09-14.42.04:206][166]LogInit: XAudio2 using 'LCD TV (Intel(R) Display Audio)' : 2 channels at 48 kHz using 16 bits per sample (channel mask 0x3)
[2018.04.09-14.42.04:212][166]LogInit: FAudioDevice initialized.
[2018.04.09-14.42.04:254][166]LogLoad: Game class is 'ThirdPersonGameMode_C'
[2018.04.09-14.42.04:260][166]LogWorld: Bringing World /Game/ThirdPersonBP/Maps/UEDPIE_0_ThirdPersonExampleMap.ThirdPersonExampleMap up for play (max tick rate 60) at 2018.04.09-10.42.04
[2018.04.09-14.42.04:260][166]LogWorld: Bringing up level for play took: 0.006124
[2018.04.09-14.42.04:262][166]PIE: Play in editor start time for /Game/ThirdPersonBP/Maps/UEDPIE_0_ThirdPersonExampleMap -0.038
[2018.04.09-14.42.04:262][166]LogBlueprintUserMessages: Late PlayInEditor Detection: Level '/Game/ThirdPersonBP/Maps/ThirdPersonExampleMap.ThirdPersonExampleMap:PersistentLevel' has LevelScriptBlueprint '/Game/ThirdPersonBP/Maps/ThirdPersonExampleMap.ThirdPersonExampleMap:PersistentLevel.ThirdPersonExampleMap' with GeneratedClass '/Game/ThirdPersonBP/Maps/ThirdPersonExampleMap.ThirdPersonExampleMap_C' with ClassGeneratedBy '/Game/ThirdPersonBP/Maps/ThirdPersonExampleMap.ThirdPersonExampleMap:PersistentLevel.ThirdPersonExampleMap'
[2018.04.09-14.42.19:437][336]LogBlueprintUserMessages: Early EndPlayMap Detection: Level '/Game/ThirdPersonBP/Maps/ThirdPersonExampleMap.ThirdPersonExampleMap:PersistentLevel' has LevelScriptBlueprint '/Game/ThirdPersonBP/Maps/ThirdPersonExampleMap.ThirdPersonExampleMap:PersistentLevel.ThirdPersonExampleMap' with GeneratedClass '/Game/ThirdPersonBP/Maps/ThirdPersonExampleMap.ThirdPersonExampleMap_C' with ClassGeneratedBy '/Game/ThirdPersonBP/Maps/ThirdPersonExampleMap.ThirdPersonExampleMap:PersistentLevel.ThirdPersonExampleMap'
[2018.04.09-14.42.19:562][336]LogBlueprintUserMessages: Late EndPlayMap Detection: Level '/Game/ThirdPersonBP/Maps/ThirdPersonExampleMap.ThirdPersonExampleMap:PersistentLevel' has LevelScriptBlueprint '/Game/ThirdPersonBP/Maps/ThirdPersonExampleMap.ThirdPersonExampleMap:PersistentLevel.ThirdPersonExampleMap' with GeneratedClass '/Game/ThirdPersonBP/Maps/ThirdPersonExampleMap.ThirdPersonExampleMap_C' with ClassGeneratedBy '/Game/ThirdPersonBP/Maps/ThirdPersonExampleMap.ThirdPersonExampleMap:PersistentLevel.ThirdPersonExampleMap'
[2018.04.09-14.44.10:668][442]LogTemp: Repeating last play command: Selected Viewport
[2018.04.09-14.44.10:701][442]LogBlueprintUserMessages: Early PlayInEditor Detection: Level '/Game/ThirdPersonBP/Maps/ThirdPersonExampleMap.ThirdPersonExampleMap:PersistentLevel' has LevelScriptBlueprint '/Game/ThirdPersonBP/Maps/ThirdPersonExampleMap.ThirdPersonExampleMap:PersistentLevel.ThirdPersonExampleMap' with GeneratedClass '/Game/ThirdPersonBP/Maps/ThirdPersonExampleMap.ThirdPersonExampleMap_C' with ClassGeneratedBy '/Game/ThirdPersonBP/Maps/ThirdPersonExampleMap.ThirdPersonExampleMap:PersistentLevel.ThirdPersonExampleMap'
[2018.04.09-14.44.10:701][442]LogPlayLevel: PlayLevel: No blueprints needed recompiling
[2018.04.09-14.44.10:701][442]PIE: New page: PIE session: ThirdPersonExampleMap (Apr 9, 2018, 6:44:10 AM)
[2018.04.09-14.44.10:701][442]LogPlayLevel: Creating play world package: /Game/ThirdPersonBP/Maps/UEDPIE_0_ThirdPersonExampleMap
[2018.04.09-14.44.10:725][442]LogPlayLevel: PIE: StaticDuplicateObject took: (0.024260s)
[2018.04.09-14.44.10:727][442]LogAIModule: Creating AISystem for world ThirdPersonExampleMap
[2018.04.09-14.44.10:727][442]LogPlayLevel: PIE: World Init took: (0.001901s)
[2018.04.09-14.44.10:728][442]LogPlayLevel: PIE: Created PIE world by copying editor world from /Game/ThirdPersonBP/Maps/ThirdPersonExampleMap.ThirdPersonExampleMap to /Game/ThirdPersonBP/Maps/UEDPIE_0_ThirdPersonExampleMap.ThirdPersonExampleMap (0.026679s)
[2018.04.09-14.44.10:766][442]LogInit: XAudio2 using 'LCD TV (Intel(R) Display Audio)' : 2 channels at 48 kHz using 16 bits per sample (channel mask 0x3)
[2018.04.09-14.44.10:774][442]LogInit: FAudioDevice initialized.
[2018.04.09-14.44.10:813][442]LogLoad: Game class is 'ThirdPersonGameMode_C'
[2018.04.09-14.44.10:818][442]LogWorld: Bringing World /Game/ThirdPersonBP/Maps/UEDPIE_0_ThirdPersonExampleMap.ThirdPersonExampleMap up for play (max tick rate 60) at 2018.04.09-10.44.10
[2018.04.09-14.44.10:819][442]LogWorld: Bringing up level for play took: 0.005115
[2018.04.09-14.44.10:820][442]PIE: Play in editor start time for /Game/ThirdPersonBP/Maps/UEDPIE_0_ThirdPersonExampleMap 0.52
[2018.04.09-14.44.10:821][442]LogBlueprintUserMessages: Late PlayInEditor Detection: Level '/Game/ThirdPersonBP/Maps/ThirdPersonExampleMap.ThirdPersonExampleMap:PersistentLevel' has LevelScriptBlueprint '/Game/ThirdPersonBP/Maps/ThirdPersonExampleMap.ThirdPersonExampleMap:PersistentLevel.ThirdPersonExampleMap' with GeneratedClass '/Game/ThirdPersonBP/Maps/ThirdPersonExampleMap.ThirdPersonExampleMap_C' with ClassGeneratedBy '/Game/ThirdPersonBP/Maps/ThirdPersonExampleMap.ThirdPersonExampleMap:PersistentLevel.ThirdPersonExampleMap'
[2018.04.09-14.44.17:568][532]LogBlueprintUserMessages: Early EndPlayMap Detection: Level '/Game/ThirdPersonBP/Maps/ThirdPersonExampleMap.ThirdPersonExampleMap:PersistentLevel' has LevelScriptBlueprint '/Game/ThirdPersonBP/Maps/ThirdPersonExampleMap.ThirdPersonExampleMap:PersistentLevel.ThirdPersonExampleMap' with GeneratedClass '/Game/ThirdPersonBP/Maps/ThirdPersonExampleMap.ThirdPersonExampleMap_C' with ClassGeneratedBy '/Game/ThirdPersonBP/Maps/ThirdPersonExampleMap.ThirdPersonExampleMap:PersistentLevel.ThirdPersonExampleMap'
[2018.04.09-14.44.17:675][532]LogBlueprintUserMessages: Late EndPlayMap Detection: Level '/Game/ThirdPersonBP/Maps/ThirdPersonExampleMap.ThirdPersonExampleMap:PersistentLevel' has LevelScriptBlueprint '/Game/ThirdPersonBP/Maps/ThirdPersonExampleMap.ThirdPersonExampleMap:PersistentLevel.ThirdPersonExampleMap' with GeneratedClass '/Game/ThirdPersonBP/Maps/ThirdPersonExampleMap.ThirdPersonExampleMap_C' with ClassGeneratedBy '/Game/ThirdPersonBP/Maps/ThirdPersonExampleMap.ThirdPersonExampleMap:PersistentLevel.ThirdPersonExampleMap'
[2018.04.09-14.48.39:194][529]LogEditorViewport: Clicking on Actor (LMB): TextRenderActor (TextRenderActor)
[2018.04.09-14.48.42:013][555]LogEditorViewport: Clicking on Actor (LMB): StaticMeshActor (Wall10)
[2018.04.09-14.49.51:196][971]LogTemp: Repeating last play command: Selected Viewport
[2018.04.09-14.49.51:224][971]LogBlueprintUserMessages: Early PlayInEditor Detection: Level '/Game/ThirdPersonBP/Maps/ThirdPersonExampleMap.ThirdPersonExampleMap:PersistentLevel' has LevelScriptBlueprint '/Game/ThirdPersonBP/Maps/ThirdPersonExampleMap.ThirdPersonExampleMap:PersistentLevel.ThirdPersonExampleMap' with GeneratedClass '/Game/ThirdPersonBP/Maps/ThirdPersonExampleMap.ThirdPersonExampleMap_C' with ClassGeneratedBy '/Game/ThirdPersonBP/Maps/ThirdPersonExampleMap.ThirdPersonExampleMap:PersistentLevel.ThirdPersonExampleMap'
[2018.04.09-14.49.51:224][971]LogPlayLevel: PlayLevel: No blueprints needed recompiling
[2018.04.09-14.49.51:224][971]PIE: New page: PIE session: ThirdPersonExampleMap (Apr 9, 2018, 6:49:51 AM)
[2018.04.09-14.49.51:224][971]LogPlayLevel: Creating play world package: /Game/ThirdPersonBP/Maps/UEDPIE_0_ThirdPersonExampleMap
[2018.04.09-14.49.51:247][971]LogPlayLevel: PIE: StaticDuplicateObject took: (0.022245s)
[2018.04.09-14.49.51:248][971]LogAIModule: Creating AISystem for world ThirdPersonExampleMap
[2018.04.09-14.49.51:249][971]LogPlayLevel: PIE: World Init took: (0.001485s)
[2018.04.09-14.49.51:249][971]LogPlayLevel: PIE: Created PIE world by copying editor world from /Game/ThirdPersonBP/Maps/ThirdPersonExampleMap.ThirdPersonExampleMap to /Game/ThirdPersonBP/Maps/UEDPIE_0_ThirdPersonExampleMap.ThirdPersonExampleMap (0.024161s)
[2018.04.09-14.49.51:288][971]LogInit: XAudio2 using 'LCD TV (Intel(R) Display Audio)' : 2 channels at 48 kHz using 16 bits per sample (channel mask 0x3)
[2018.04.09-14.49.51:298][971]LogInit: FAudioDevice initialized.
[2018.04.09-14.49.51:333][971]LogLoad: Game class is 'ThirdPersonGameMode_C'
[2018.04.09-14.49.51:337][971]LogWorld: Bringing World /Game/ThirdPersonBP/Maps/UEDPIE_0_ThirdPersonExampleMap.ThirdPersonExampleMap up for play (max tick rate 60) at 2018.04.09-10.49.51
[2018.04.09-14.49.51:338][971]LogWorld: Bringing up level for play took: 0.003967
[2018.04.09-14.49.51:340][971]PIE: Play in editor start time for /Game/ThirdPersonBP/Maps/UEDPIE_0_ThirdPersonExampleMap 1.04
[2018.04.09-14.49.51:340][971]LogBlueprintUserMessages: Late PlayInEditor Detection: Level '/Game/ThirdPersonBP/Maps/ThirdPersonExampleMap.ThirdPersonExampleMap:PersistentLevel' has LevelScriptBlueprint '/Game/ThirdPersonBP/Maps/ThirdPersonExampleMap.ThirdPersonExampleMap:PersistentLevel.ThirdPersonExampleMap' with GeneratedClass '/Game/ThirdPersonBP/Maps/ThirdPersonExampleMap.ThirdPersonExampleMap_C' with ClassGeneratedBy '/Game/ThirdPersonBP/Maps/ThirdPersonExampleMap.ThirdPersonExampleMap:PersistentLevel.ThirdPersonExampleMap'
[2018.04.09-14.49.56:409][ 38]LogBlueprintUserMessages: Early EndPlayMap Detection: Level '/Game/ThirdPersonBP/Maps/ThirdPersonExampleMap.ThirdPersonExampleMap:PersistentLevel' has LevelScriptBlueprint '/Game/ThirdPersonBP/Maps/ThirdPersonExampleMap.ThirdPersonExampleMap:PersistentLevel.ThirdPersonExampleMap' with GeneratedClass '/Game/ThirdPersonBP/Maps/ThirdPersonExampleMap.ThirdPersonExampleMap_C' with ClassGeneratedBy '/Game/ThirdPersonBP/Maps/ThirdPersonExampleMap.ThirdPersonExampleMap:PersistentLevel.ThirdPersonExampleMap'
[2018.04.09-14.49.56:550][ 38]LogBlueprintUserMessages: Late EndPlayMap Detection: Level '/Game/ThirdPersonBP/Maps/ThirdPersonExampleMap.ThirdPersonExampleMap:PersistentLevel' has LevelScriptBlueprint '/Game/ThirdPersonBP/Maps/ThirdPersonExampleMap.ThirdPersonExampleMap:PersistentLevel.ThirdPersonExampleMap' with GeneratedClass '/Game/ThirdPersonBP/Maps/ThirdPersonExampleMap.ThirdPersonExampleMap_C' with ClassGeneratedBy '/Game/ThirdPersonBP/Maps/ThirdPersonExampleMap.ThirdPersonExampleMap:PersistentLevel.ThirdPersonExampleMap'
[2018.04.09-14.59.17:445][237]LogFactory: FactoryCreateFile: StaticMesh with FbxFactory (0 0 ../../../../../../Users/codst/Downloads/revolver.fbx)
[2018.04.09-14.59.17:779][237]LogFbx: ItemName: GlobalSettings, ItemCount : 1
[2018.04.09-14.59.17:780][237]LogFbx: ItemName: NodeAttribute, ItemCount : 2
[2018.04.09-14.59.17:780][237]LogFbx: ItemName: Geometry, ItemCount : 3
[2018.04.09-14.59.17:780][237]LogFbx: ItemName: Model, ItemCount : 5
[2018.04.09-14.59.17:780][237]LogFbx: ItemName: Material, ItemCount : 3
[2018.04.09-14.59.17:780][237]LogFbx: ItemName: Texture, ItemCount : 2
[2018.04.09-14.59.17:780][237]LogFbx: ItemName: Video, ItemCount : 1
[2018.04.09-14.59.17:816][237]LogFbx: Loading FBX Scene from ../../../../../../Users/codst/Downloads/revolver.fbx
[2018.04.09-14.59.17:996][237]LogFbx: FBX Scene Loaded Succesfully
[2018.04.09-14.59.21:888][237]LogFbx: Loading FBX Scene from ../../../../../../Users/codst/Downloads/revolver.fbx
[2018.04.09-14.59.21:986][237]LogFbx: FBX Scene Loaded Succesfully
[2018.04.09-14.59.22:033][237]LogLinker: Can't find file '/Game/StarterContent/Material'
[2018.04.09-14.59.22:033][237]LogLinker: Can't find file '/Game/StarterContent/Material'
[2018.04.09-14.59.22:060][237]LogLinker: Can't find file '/Game/StarterContent/WesternPistol'
[2018.04.09-14.59.22:060][237]LogLinker: Can't find file '/Game/StarterContent/WesternPistol'
[2018.04.09-14.59.22:060][237]LogFbxMaterialImport: Warning: Unable to find Texture file C:\Users\somsan\Desktop\suff\texture\WesternPistol.png
[2018.04.09-14.59.22:060][237]LogFbxMaterialImport: Warning: Unable to find Texture file C:\Users\somsan\Desktop\suff\texture\WesternPistol.png
[2018.04.09-14.59.22:106][237]LogMaterial: Missing cached shader map for material Material, compiling. 
[2018.04.09-14.59.22:322][237]LogFbx: Warning: Triangulating static mesh Cube
[2018.04.09-14.59.47:239][237]LogStaticMesh: Building static mesh revolver_Cube...
[2018.04.09-14.59.49:416][237]LogStaticMesh: Built static mesh [2.18s] /Game/StarterContent/revolver_Cube.revolver_Cube
[2018.04.09-14.59.50:272][237]LogStaticMesh: Warning: revolver_Cube has degenerate tangent bases which will result in incorrect shading.  MikkTSpace relies on tangent bases and may result in mesh corruption, consider disabling this option.
[2018.04.09-14.59.50:371][237]LogLinker: Can't find file '/Game/StarterContent/Material_002'
[2018.04.09-14.59.50:371][237]LogLinker: Can't find file '/Game/StarterContent/Material_002'
[2018.04.09-14.59.50:378][237]LogMaterial: Missing cached shader map for material Material_002, compiling. 
[2018.04.09-14.59.50:407][237]LogFbx: Warning: Triangulating static mesh Cube.001
[2018.04.09-14.59.50:763][237]LogStaticMesh: Building static mesh revolver_Cube_001...
[2018.04.09-14.59.50:782][237]LogStaticMesh: Built static mesh [0.02s] /Game/StarterContent/revolver_Cube_001.revolver_Cube_001
[2018.04.09-14.59.50:788][237]LogStaticMesh: Warning: revolver_Cube_001 has degenerate tangent bases which will result in incorrect shading.  MikkTSpace relies on tangent bases and may result in mesh corruption, consider disabling this option.
[2018.04.09-14.59.50:799][237]LogLinker: Can't find file '/Game/StarterContent/Material_001'
[2018.04.09-14.59.50:799][237]LogLinker: Can't find file '/Game/StarterContent/Material_001'
[2018.04.09-14.59.50:805][237]LogFbxMaterialImport: Warning: Unable to find Texture file C:\Users\somsan\Desktop\suff\texture\WesternPistol.png
[2018.04.09-14.59.50:810][237]LogMaterial: Missing cached shader map for material Material_001, compiling. 
[2018.04.09-14.59.50:842][237]LogFbx: Warning: Triangulating static mesh Cube.002
[2018.04.09-14.59.50:899][237]LogStaticMesh: Building static mesh revolver_Cube_002...
[2018.04.09-14.59.50:910][237]LogStaticMesh: Built static mesh [0.01s] /Game/StarterContent/revolver_Cube_002.revolver_Cube_002
[2018.04.09-14.59.50:942][237]FBXImport: Warning: No smoothing group information was found in this FBX scene.  Please make sure to enable the 'Export Smoothing Groups' option in the FBX Exporter plug-in before exporting the file.  Even for tools that don't support smoothing groups, the FBX Exporter will generate appropriate smoothing data at export-time so that correct vertex normals can be inferred while importing. 
[2018.04.09-14.59.50:942][237]FBXImport: Warning: revolver_Cube has degenerate tangent bases which will result in incorrect shading.  MikkTSpace relies on tangent bases and may result in mesh corruption, consider disabling this option. 
[2018.04.09-14.59.50:942][237]FBXImport: Warning: revolver_Cube_001 has degenerate tangent bases which will result in incorrect shading.  MikkTSpace relies on tangent bases and may result in mesh corruption, consider disabling this option. 
[2018.04.09-15.00.14:031][422]LogRenderer: Reallocating scene render targets to support 1144x708 Format 10 NumSamples 1 (Frame:1).
[2018.04.09-15.00.48:053][659]LogSavePackage: Save=28.25ms
[2018.04.09-15.00.48:053][659]LogSavePackage: Moving '../../../../../../Users/codst/OneDrive/Documents/GitHub/FinalProjectG300/MyProject/Saved/revolver_Cube4393F8304E4C7D55455058B199C57323.tmp' to '../../../../../../Users/codst/OneDrive/Documents/GitHub/FinalProjectG300/MyProject/Content/StarterContent/revolver_Cube.uasset'
[2018.04.09-15.00.48:058][659]LogSavePackage: Display: Finished SavePackage ../../../../../../Users/codst/OneDrive/Documents/GitHub/FinalProjectG300/MyProject/Content/StarterContent/revolver_Cube.uasset
[2018.04.09-15.01.24:454][807]Cmd: OBJ SAVEPACKAGE PACKAGE="/Game/StarterContent/Material" FILE="../../../../../../Users/codst/OneDrive/Documents/GitHub/FinalProjectG300/MyProject/Content/StarterContent/Material.uasset" SILENT=true
[2018.04.09-15.01.24:478][807]LogSavePackage: Save=20.92ms
[2018.04.09-15.01.24:478][807]LogSavePackage: Moving '../../../../../../Users/codst/OneDrive/Documents/GitHub/FinalProjectG300/MyProject/Saved/MaterialC52990A043CFEE629C29AA8AF0A53C4B.tmp' to '../../../../../../Users/codst/OneDrive/Documents/GitHub/FinalProjectG300/MyProject/Content/StarterContent/Material.uasset'
[2018.04.09-15.01.24:482][807]LogSavePackage: Display: Finished SavePackage ../../../../../../Users/codst/OneDrive/Documents/GitHub/FinalProjectG300/MyProject/Content/StarterContent/Material.uasset
[2018.04.09-15.01.24:569][807]LogSavePackage: Save=19.64ms
[2018.04.09-15.01.24:569][807]LogSavePackage: Moving '../../../../../../Users/codst/OneDrive/Documents/GitHub/FinalProjectG300/MyProject/Saved/revolver_Cube_001917AC4BA4C9D9CEAB7713FA13F8ED734.tmp' to '../../../../../../Users/codst/OneDrive/Documents/GitHub/FinalProjectG300/MyProject/Content/StarterContent/revolver_Cube_001.uasset'
[2018.04.09-15.01.24:575][807]LogSavePackage: Display: Finished SavePackage ../../../../../../Users/codst/OneDrive/Documents/GitHub/FinalProjectG300/MyProject/Content/StarterContent/revolver_Cube_001.uasset
[2018.04.09-15.01.24:669][807]LogSavePackage: Save=22.89ms
[2018.04.09-15.01.24:669][807]LogSavePackage: Moving '../../../../../../Users/codst/OneDrive/Documents/GitHub/FinalProjectG300/MyProject/Saved/Material_0026C50BB214331EE8E1D2880AAB0BA0C5D.tmp' to '../../../../../../Users/codst/OneDrive/Documents/GitHub/FinalProjectG300/MyProject/Content/StarterContent/Material_002.uasset'
[2018.04.09-15.01.24:673][807]LogSavePackage: Display: Finished SavePackage ../../../../../../Users/codst/OneDrive/Documents/GitHub/FinalProjectG300/MyProject/Content/StarterContent/Material_002.uasset
[2018.04.09-15.01.24:753][807]LogSavePackage: Save=18.56ms
[2018.04.09-15.01.24:753][807]LogSavePackage: Moving '../../../../../../Users/codst/OneDrive/Documents/GitHub/FinalProjectG300/MyProject/Saved/revolver_Cube_0020F65A8184810E1516C9DECAE0349C32F.tmp' to '../../../../../../Users/codst/OneDrive/Documents/GitHub/FinalProjectG300/MyProject/Content/StarterContent/revolver_Cube_002.uasset'
[2018.04.09-15.01.24:758][807]LogSavePackage: Display: Finished SavePackage ../../../../../../Users/codst/OneDrive/Documents/GitHub/FinalProjectG300/MyProject/Content/StarterContent/revolver_Cube_002.uasset
[2018.04.09-15.01.24:848][807]LogSavePackage: Save=20.29ms
[2018.04.09-15.01.24:849][807]LogSavePackage: Moving '../../../../../../Users/codst/OneDrive/Documents/GitHub/FinalProjectG300/MyProject/Saved/Material_00172906770477EE975D721E28E773A2D9F.tmp' to '../../../../../../Users/codst/OneDrive/Documents/GitHub/FinalProjectG300/MyProject/Content/StarterContent/Material_001.uasset'
[2018.04.09-15.01.24:855][807]LogSavePackage: Display: Finished SavePackage ../../../../../../Users/codst/OneDrive/Documents/GitHub/FinalProjectG300/MyProject/Content/StarterContent/Material_001.uasset
[2018.04.09-15.01.31:474][840]LogWindowsTextInputMethodSystem: Display: IME system now deactivated.
[2018.04.09-15.01.31:819][841]Cmd: QUIT_EDITOR
[2018.04.09-15.01.31:971][841]LogExit: Preparing to exit.
[2018.04.09-15.01.32:580][841]LogDirectoryWatcher: A directory notification for 'C:/Users/codst/OneDrive/Documents/GitHub/FinalProjectG300/MyProject/Content/' was aborted.
[2018.04.09-15.01.32:666][841]LogExit: Editor shut down
[2018.04.09-15.01.32:673][841]LogExit: Transaction tracking system shut down
[2018.04.09-15.01.32:847][841]LogDirectoryWatcher: A directory notification for '../../../Engine/Content/' was aborted.
[2018.04.09-15.01.32:847][841]LogDirectoryWatcher: A directory notification for '../../../../../../Users/codst/OneDrive/Documents/GitHub/FinalProjectG300/MyProject/Content/' was aborted.
[2018.04.09-15.01.32:847][841]LogDirectoryWatcher: A directory notification for '../../../Engine/Plugins/2D/Paper2D/Content/' was aborted.
[2018.04.09-15.01.32:847][841]LogDirectoryWatcher: A directory notification for '../../../Engine/Plugins/Runtime/Oculus/OculusVR/Content/' was aborted.
[2018.04.09-15.01.32:847][841]LogDirectoryWatcher: A directory notification for '../../../Engine/Plugins/Runtime/Steam/SteamVR/Content/' was aborted.
[2018.04.09-15.01.32:978][841]LogExit: Object subsystem successfully closed.
[2018.04.09-15.01.33:013][841]LogD3D11RHI: Shutdown
[2018.04.09-15.01.33:013][841]LogD3D11RHI: CleanupD3DDevice
[2018.04.09-15.01.33:388][841]LogD3D11RHI: ~FD3D11DynamicRHI
[2018.04.09-15.01.33:450][841]LogModuleManager: Shutting down and abandoning module StaticMeshEditor (544)
[2018.04.09-15.01.33:450][841]LogModuleManager: Shutting down and abandoning module MovieSceneCapture (542)
[2018.04.09-15.01.33:463][841]LogModuleManager: Shutting down and abandoning module ClothingSystemEditorInterface (540)
[2018.04.09-15.01.33:463][841]LogModuleManager: Shutting down and abandoning module BlueprintGraph (538)
[2018.04.09-15.01.33:463][841]LogModuleManager: Shutting down and abandoning module BlueprintProfiler (536)
[2018.04.09-15.01.33:471][841]LogModuleManager: Shutting down and abandoning module SkeletonEditor (534)
[2018.04.09-15.01.33:471][841]LogModuleManager: Shutting down and abandoning module AnimationBlueprintEditor (532)
[2018.04.09-15.01.33:471][841]LogModuleManager: Shutting down and abandoning module HierarchicalLODOutliner (530)
[2018.04.09-15.01.33:471][841]LogModuleManager: Shutting down and abandoning module SceneOutliner (528)
[2018.04.09-15.01.33:485][841]LogModuleManager: Shutting down and abandoning module AddContentDialog (526)
[2018.04.09-15.01.33:496][841]LogDirectoryWatcher: A directory notification for 'C:/Program Files/Epic Games/UE_4.17/FeaturePacks/' was aborted.
[2018.04.09-15.01.33:497][841]LogModuleManager: Shutting down and abandoning module WidgetCarousel (525)
[2018.04.09-15.01.33:497][841]LogModuleManager: Shutting down and abandoning module EditorWidgets (522)
[2018.04.09-15.01.33:497][841]LogModuleManager: Shutting down and abandoning module CollectionManager (520)
[2018.04.09-15.01.33:498][841]LogDirectoryWatcher: A directory notification for 'C:/Users/codst/OneDrive/Documents/GitHub/FinalProjectG300/MyProject/Content/Collections/' was aborted.
[2018.04.09-15.01.33:498][841]LogDirectoryWatcher: A directory notification for 'C:/Users/codst/OneDrive/Documents/GitHub/FinalProjectG300/MyProject/Content/Developers/codst/Collections/' was aborted.
[2018.04.09-15.01.33:498][841]LogDirectoryWatcher: A directory notification for 'C:/Users/codst/OneDrive/Documents/GitHub/FinalProjectG300/MyProject/Saved/Collections/' was aborted.
[2018.04.09-15.01.33:498][841]LogModuleManager: Shutting down and abandoning module StatsViewer (518)
[2018.04.09-15.01.33:498][841]LogModuleManager: Shutting down and abandoning module FoliageEdit (516)
[2018.04.09-15.01.33:498][841]LogModuleManager: Shutting down and abandoning module LandscapeEditor (514)
[2018.04.09-15.01.33:498][841]LogModuleManager: Shutting down and abandoning module MeshPaintMode (512)
[2018.04.09-15.01.33:498][841]LogModuleManager: Shutting down and abandoning module SceneDepthPickerMode (510)
[2018.04.09-15.01.33:498][841]LogModuleManager: Shutting down and abandoning module ActorPickerMode (508)
[2018.04.09-15.01.33:498][841]LogModuleManager: Shutting down and abandoning module GeometryMode (506)
[2018.04.09-15.01.33:498][841]LogModuleManager: Shutting down and abandoning module TextureAlignMode (504)
[2018.04.09-15.01.33:498][841]LogModuleManager: Shutting down and abandoning module BspMode (502)
[2018.04.09-15.01.33:498][841]LogModuleManager: Shutting down and abandoning module PIEPreviewDeviceProfileSelector (500)
[2018.04.09-15.01.33:498][841]LogModuleManager: Shutting down and abandoning module HardwareSurvey (498)
[2018.04.09-15.01.33:498][841]LogModuleManager: Shutting down and abandoning module SequenceRecorderSections (496)
[2018.04.09-15.01.33:498][841]LogModuleManager: Shutting down and abandoning module AutomationWorker (494)
[2018.04.09-15.01.33:498][841]LogModuleManager: Shutting down and abandoning module MatineeToLevelSequence (492)
[2018.04.09-15.01.33:498][841]LogModuleManager: Shutting down and abandoning module LevelSequenceEditor (490)
[2018.04.09-15.01.33:498][841]LogModuleManager: Shutting down and abandoning module PlacementMode (489)
[2018.04.09-15.01.33:498][841]LogModuleManager: Shutting down and abandoning module WmfMediaFactory (486)
[2018.04.09-15.01.33:498][841]LogModuleManager: Shutting down and abandoning module WmfMediaEditor (484)
[2018.04.09-15.01.33:498][841]LogModuleManager: Shutting down and abandoning module AvfMediaFactory (482)
[2018.04.09-15.01.33:498][841]LogModuleManager: Shutting down and abandoning module AvfMediaEditor (480)
[2018.04.09-15.01.33:498][841]LogModuleManager: Shutting down and abandoning module AndroidMediaFactory (478)
[2018.04.09-15.01.33:498][841]LogModuleManager: Shutting down and abandoning module Media (477)
[2018.04.09-15.01.33:498][841]LogModuleManager: Shutting down and abandoning module AndroidMediaEditor (474)
[2018.04.09-15.01.33:499][841]LogModuleManager: Shutting down and abandoning module CharacterAI (472)
[2018.04.09-15.01.33:499][841]LogModuleManager: Shutting down and abandoning module AudioCapture (470)
[2018.04.09-15.01.33:499][841]LogModuleManager: Shutting down and abandoning module SequenceRecorder (469)
[2018.04.09-15.01.33:499][841]LogModuleManager: Shutting down and abandoning module SmartSnapping (466)
[2018.04.09-15.01.33:499][841]LogModuleManager: Shutting down and abandoning module SessionServices (464)
[2018.04.09-15.01.33:499][841]LogModuleManager: Shutting down and abandoning module ViewportSnapping (462)
[2018.04.09-15.01.33:499][841]LogModuleManager: Shutting down and abandoning module ViewportInteraction (460)
[2018.04.09-15.01.33:499][841]LogModuleManager: Shutting down and abandoning module ClothPainter (458)
[2018.04.09-15.01.33:499][841]LogModuleManager: Shutting down and abandoning module LogVisualizer (456)
[2018.04.09-15.01.33:499][841]LogModuleManager: Shutting down and abandoning module IntroTutorials (454)
[2018.04.09-15.01.33:499][841]LogModuleManager: Shutting down and abandoning module GameProjectGeneration (453)
[2018.04.09-15.01.33:499][841]LogModuleManager: Shutting down and abandoning module IOSPlatformEditor (450)
[2018.04.09-15.01.33:499][841]LogModuleManager: Shutting down and abandoning module HTML5PlatformEditor (448)
[2018.04.09-15.01.33:499][841]LogModuleManager: Shutting down and abandoning module AndroidPlatformEditor (446)
[2018.04.09-15.01.33:499][841]LogModuleManager: Shutting down and abandoning module AndroidDeviceDetection (445)
[2018.04.09-15.01.33:789][841]LogModuleManager: Shutting down and abandoning module WindowsPlatformEditor (442)
[2018.04.09-15.01.33:789][841]LogModuleManager: Shutting down and abandoning module IOSRuntimeSettings (440)
[2018.04.09-15.01.33:789][841]LogModuleManager: Shutting down and abandoning module AndroidRuntimeSettings (438)
[2018.04.09-15.01.33:789][841]LogModuleManager: Shutting down and abandoning module InputBindingEditor (436)
[2018.04.09-15.01.33:789][841]LogModuleManager: Shutting down and abandoning module MergeActors (434)
[2018.04.09-15.01.33:789][841]LogModuleManager: Shutting down and abandoning module SizeMap (432)
[2018.04.09-15.01.33:789][841]LogModuleManager: Shutting down and abandoning module TreeMap (430)
[2018.04.09-15.01.33:790][841]LogModuleManager: Shutting down and abandoning module ReferenceViewer (428)
[2018.04.09-15.01.33:790][841]LogModuleManager: Shutting down and abandoning module LocalizationDashboard (426)
[2018.04.09-15.01.33:790][841]LogModuleManager: Shutting down and abandoning module LocalizationService (425)
[2018.04.09-15.01.33:790][841]LogModuleManager: Shutting down and abandoning module HardwareTargeting (422)
[2018.04.09-15.01.33:790][841]LogModuleManager: Shutting down and abandoning module DeviceProfileEditor (420)
[2018.04.09-15.01.33:790][841]LogModuleManager: Shutting down and abandoning module UndoHistory (418)
[2018.04.09-15.01.33:790][841]LogModuleManager: Shutting down and abandoning module XmlParser (416)
[2018.04.09-15.01.33:790][841]LogModuleManager: Shutting down and abandoning module Blutility (414)
[2018.04.09-15.01.33:790][841]LogModuleManager: Shutting down and abandoning module ProjectSettingsViewer (412)
[2018.04.09-15.01.33:790][841]LogModuleManager: Shutting down and abandoning module ProjectTargetPlatformEditor (411)
[2018.04.09-15.01.33:790][841]LogModuleManager: Shutting down and abandoning module EditorSettingsViewer (408)
[2018.04.09-15.01.33:790][841]LogModuleManager: Shutting down and abandoning module SettingsEditor (406)
[2018.04.09-15.01.33:790][841]LogModuleManager: Shutting down and abandoning module ProjectLauncher (404)
[2018.04.09-15.01.33:790][841]LogModuleManager: Shutting down and abandoning module SessionFrontend (402)
[2018.04.09-15.01.33:790][841]LogModuleManager: Shutting down and abandoning module ProfilerClient (400)
[2018.04.09-15.01.33:848][841]LogModuleManager: Shutting down and abandoning module DeviceManager (398)
[2018.04.09-15.01.33:848][841]LogModuleManager: Shutting down and abandoning module TargetDeviceServices (397)
[2018.04.09-15.01.33:914][841]LogModuleManager: Shutting down and abandoning module AutomationController (394)
[2018.04.09-15.01.33:914][841]LogModuleManager: Shutting down and abandoning module AutomationWindow (392)
[2018.04.09-15.01.33:914][841]LogModuleManager: Shutting down and abandoning module Layers (390)
[2018.04.09-15.01.33:914][841]LogModuleManager: Shutting down and abandoning module ComponentVisualizers (388)
[2018.04.09-15.01.33:914][841]LogModuleManager: Shutting down and abandoning module DetailCustomizations (386)
[2018.04.09-15.01.33:914][841]LogModuleManager: Shutting down and abandoning module PackagesDialog (384)
[2018.04.09-15.01.33:914][841]LogModuleManager: Shutting down and abandoning module Persona (382)
[2018.04.09-15.01.33:914][841]LogModuleManager: Shutting down and abandoning module AdvancedPreviewScene (381)
[2018.04.09-15.01.33:914][841]LogModuleManager: Shutting down and abandoning module AnimGraph (379)
[2018.04.09-15.01.33:914][841]LogModuleManager: Shutting down and abandoning module Kismet (376)
[2018.04.09-15.01.33:923][841]LogModuleManager: Shutting down and abandoning module ClassViewer (374)
[2018.04.09-15.01.33:923][841]LogModuleManager: Shutting down and abandoning module Toolbox (372)
[2018.04.09-15.01.33:923][841]LogModuleManager: Shutting down and abandoning module ModuleUI (370)
[2018.04.09-15.01.33:923][841]LogModuleManager: Shutting down and abandoning module MovieSceneTools (368)
[2018.04.09-15.01.33:924][841]LogModuleManager: Shutting down and abandoning module OutputLog (366)
[2018.04.09-15.01.33:924][841]LogModuleManager: Shutting down and abandoning module GammaUI (364)
[2018.04.09-15.01.33:924][841]LogModuleManager: Shutting down and abandoning module Documentation (362)
[2018.04.09-15.01.33:924][841]LogModuleManager: Shutting down and abandoning module MovieSceneTracks (360)
[2018.04.09-15.01.33:924][841]LogModuleManager: Shutting down and abandoning module MovieScene (358)
[2018.04.09-15.01.33:924][841]LogModuleManager: Shutting down and abandoning module Niagara (356)
[2018.04.09-15.01.33:924][841]LogModuleManager: Shutting down and abandoning module NiagaraEditor (355)
[2018.04.09-15.01.33:924][841]LogModuleManager: Shutting down and abandoning module StreamingPauseRendering (352)
[2018.04.09-15.01.33:924][841]LogModuleManager: Shutting down and abandoning module LauncherPlatform (350)
[2018.04.09-15.01.33:924][841]LogModuleManager: Shutting down and abandoning module AnalyticsET (348)
[2018.04.09-15.01.33:924][841]LogModuleManager: Shutting down and abandoning module PortalServices (346)
[2018.04.09-15.01.33:924][841]LogModuleManager: Shutting down and abandoning module PortalRpc (344)
[2018.04.09-15.01.33:924][841]LogModuleManager: Shutting down and abandoning module MessagingRpc (342)
[2018.04.09-15.01.33:924][841]LogModuleManager: Shutting down and abandoning module AIModule (340)
[2018.04.09-15.01.33:924][841]LogModuleManager: Shutting down and abandoning module GameplayDebugger (339)
[2018.04.09-15.01.33:924][841]LogModuleManager: Shutting down and abandoning module AITestSuite (337)
[2018.04.09-15.01.33:924][841]LogModuleManager: Shutting down and abandoning module ProfilerService (334)
[2018.04.09-15.01.34:085][841]LogModuleManager: Shutting down and abandoning module TaskGraph (332)
[2018.04.09-15.01.34:085][841]LogModuleManager: Shutting down and abandoning module SteamVRController (330)
[2018.04.09-15.01.34:085][841]LogModuleManager: Shutting down and abandoning module ProceduralMeshComponentEditor (328)
[2018.04.09-15.01.34:086][841]LogModuleManager: Shutting down and abandoning module ProceduralMeshComponent (326)
[2018.04.09-15.01.34:086][841]LogModuleManager: Shutting down and abandoning module OculusInput (324)
[2018.04.09-15.01.34:086][841]LogModuleManager: Shutting down and abandoning module MobilePatchingUtils (322)
[2018.04.09-15.01.34:086][841]LogModuleManager: Shutting down and abandoning module CustomMeshComponent (320)
[2018.04.09-15.01.34:086][841]LogModuleManager: Shutting down and abandoning module CableComponent (318)
[2018.04.09-15.01.34:086][841]LogModuleManager: Shutting down and abandoning module ArchVisCharacter (316)
[2018.04.09-15.01.34:086][841]LogModuleManager: Shutting down and abandoning module AndroidPermission (314)
[2018.04.09-15.01.34:086][841]LogModuleManager: Shutting down and abandoning module MediaPlayerEditor (310)
[2018.04.09-15.01.34:086][841]LogModuleManager: Shutting down and abandoning module HTML5Networking (308)
[2018.04.09-15.01.34:086][841]LogModuleManager: Shutting down and abandoning module AlembicImporter (306)
[2018.04.09-15.01.34:086][841]LogModuleManager: Shutting down and abandoning module AlembicLibrary (305)
[2018.04.09-15.01.34:086][841]LogModuleManager: Shutting down and abandoning module GeometryCache (304)
[2018.04.09-15.01.34:086][841]LogModuleManager: Shutting down and abandoning module GeometryCacheEd (303)
[2018.04.09-15.01.34:086][841]LogModuleManager: Shutting down and abandoning module SpeedTreeImporter (298)
[2018.04.09-15.01.34:086][841]LogModuleManager: Shutting down and abandoning module PluginBrowser (296)
[2018.04.09-15.01.34:086][841]LogModuleManager: Shutting down and abandoning module MobileLauncherProfileWizard (294)
[2018.04.09-15.01.34:086][841]LogModuleManager: Shutting down and abandoning module VisualStudioSourceCodeAccess (292)
[2018.04.09-15.01.34:086][841]LogModuleManager: Shutting down and abandoning module DesktopPlatform (291)
[2018.04.09-15.01.34:086][841]LogModuleManager: Shutting down and abandoning module UObjectPlugin (288)
[2018.04.09-15.01.34:086][841]LogModuleManager: Shutting down and abandoning module SubversionSourceControl (286)
[2018.04.09-15.01.34:086][841]LogModuleManager: Shutting down and abandoning module PerforceSourceControl (284)
[2018.04.09-15.01.34:086][841]LogModuleManager: Shutting down and abandoning module GitSourceControl (282)
[2018.04.09-15.01.34:086][841]LogModuleManager: Shutting down and abandoning module SourceControl (281)
[2018.04.09-15.01.34:087][841]LogModuleManager: Shutting down and abandoning module LightPropagationVolumeEditor (278)
[2018.04.09-15.01.34:087][841]LogModuleManager: Shutting down and abandoning module PaperTiledImporter (276)
[2018.04.09-15.01.34:087][841]LogModuleManager: Shutting down and abandoning module PaperSpriteSheetImporter (274)
[2018.04.09-15.01.34:087][841]LogModuleManager: Shutting down and abandoning module Paper2DEditor (272)
[2018.04.09-15.01.34:087][841]LogModuleManager: Shutting down and abandoning module MeshPaint (271)
[2018.04.09-15.01.34:087][841]LogModuleManager: Shutting down and abandoning module LevelEditor (269)
[2018.04.09-15.01.34:088][841]LogModuleManager: Shutting down and abandoning module PixelInspectorModule (268)
[2018.04.09-15.01.34:088][841]LogModuleManager: Shutting down and abandoning module MainFrame (266)
[2018.04.09-15.01.34:088][841]LogModuleManager: Shutting down and abandoning module HotReload (265)
[2018.04.09-15.01.34:089][841]LogModuleManager: Shutting down and abandoning module RuntimePhysXCooking (260)
[2018.04.09-15.01.34:089][841]LogModuleManager: Shutting down and abandoning module PhysXVehiclesEditor (258)
[2018.04.09-15.01.34:089][841]LogModuleManager: Shutting down and abandoning module PhysXVehicles (256)
[2018.04.09-15.01.34:089][841]LogModuleManager: Shutting down and abandoning module OculusEditor (254)
[2018.04.09-15.01.34:089][841]LogModuleManager: Shutting down and abandoning module LocationServicesBPLibrary (252)
[2018.04.09-15.01.34:089][841]LogModuleManager: Shutting down and abandoning module ImmediatePhysicsEditor (250)
[2018.04.09-15.01.34:089][841]LogModuleManager: Shutting down and abandoning module ImmediatePhysics (248)
[2018.04.09-15.01.34:089][841]LogModuleManager: Shutting down and abandoning module UdpMessaging (246)
[2018.04.09-15.01.34:190][841]LogModuleManager: Shutting down and abandoning module TcpMessaging (244)
[2018.04.09-15.01.34:291][841]LogModuleManager: Shutting down and abandoning module GameplayTagsEditor (242)
[2018.04.09-15.01.34:291][841]LogModuleManager: Shutting down and abandoning module FacialAnimationEditor (240)
[2018.04.09-15.01.34:291][841]LogModuleManager: Shutting down and abandoning module FacialAnimation (238)
[2018.04.09-15.01.34:291][841]LogModuleManager: Shutting down and abandoning module AssetManagerEditor (236)
[2018.04.09-15.01.34:291][841]LogModuleManager: Shutting down and abandoning module GraphEditor (235)
[2018.04.09-15.01.34:291][841]LogModuleManager: Shutting down and abandoning module ContentBrowser (233)
[2018.04.09-15.01.34:292][841]LogModuleManager: Shutting down and abandoning module LightPropagationVolumeRuntime (230)
[2018.04.09-15.01.34:292][841]LogModuleManager: Shutting down and abandoning module Paper2D (228)
[2018.04.09-15.01.34:292][841]LogModuleManager: Shutting down and abandoning module WindowsMoviePlayer (226)
[2018.04.09-15.01.34:292][841]LogModuleManager: Shutting down and abandoning module WmfMedia (224)
[2018.04.09-15.01.34:298][841]LogModuleManager: Shutting down and abandoning module PacketHandler (222)
[2018.04.09-15.01.34:298][841]LogModuleManager: Shutting down and abandoning module ClothingSystemEditor (220)
[2018.04.09-15.01.34:298][841]LogModuleManager: Shutting down and abandoning module ClothingSystemRuntime (218)
[2018.04.09-15.01.34:298][841]LogModuleManager: Shutting down and abandoning module Overlay (216)
[2018.04.09-15.01.34:298][841]LogModuleManager: Shutting down and abandoning module OverlayEditor (215)
[2018.04.09-15.01.34:298][841]LogModuleManager: Shutting down and abandoning module MediaAssets (212)
[2018.04.09-15.01.34:298][841]LogModuleManager: Shutting down and abandoning module VREditor (210)
[2018.04.09-15.01.34:298][841]LogModuleManager: Shutting down and abandoning module StringTableEditor (208)
[2018.04.09-15.01.34:298][841]LogModuleManager: Shutting down and abandoning module GameplayTasksEditor (206)
[2018.04.09-15.01.34:298][841]LogModuleManager: Shutting down and abandoning module BehaviorTreeEditor (204)
[2018.04.09-15.01.34:298][841]LogModuleManager: Shutting down and abandoning module FunctionalTesting (202)
[2018.04.09-15.01.34:298][841]LogModuleManager: Shutting down and abandoning module CollisionAnalyzer (200)
[2018.04.09-15.01.34:298][841]LogModuleManager: Shutting down and abandoning module WorkspaceMenuStructure (199)
[2018.04.09-15.01.34:298][841]LogModuleManager: Shutting down and abandoning module UMG (196)
[2018.04.09-15.01.34:298][841]LogModuleManager: Shutting down and abandoning module UMGEditor (195)
[2018.04.09-15.01.34:298][841]LogModuleManager: Shutting down and abandoning module Sequencer (194)
[2018.04.09-15.01.34:298][841]LogModuleManager: Shutting down and abandoning module MessageLog (191)
[2018.04.09-15.01.34:298][841]LogModuleManager: Shutting down and abandoning module SlateReflector (186)
[2018.04.09-15.01.34:298][841]LogModuleManager: Shutting down and abandoning module Slate (184)
[2018.04.09-15.01.34:298][841]LogModuleManager: Shutting down and abandoning module EditorStyle (182)
[2018.04.09-15.01.34:301][841]LogModuleManager: Shutting down and abandoning module MRMesh (180)
[2018.04.09-15.01.34:301][841]LogModuleManager: Shutting down and abandoning module SourceCodeAccess (178)
[2018.04.09-15.01.34:301][841]LogModuleManager: Shutting down and abandoning module HeadMountedDisplay (176)
[2018.04.09-15.01.34:301][841]LogModuleManager: Shutting down and abandoning module XAudio2 (174)
[2018.04.09-15.01.34:301][841]LogModuleManager: Shutting down and abandoning module Networking (172)
[2018.04.09-15.01.34:301][841]LogModuleManager: Shutting down and abandoning module Core (168)
[2018.04.09-15.01.34:301][841]LogModuleManager: Shutting down and abandoning module KismetCompiler (164)
[2018.04.09-15.01.34:301][841]LogModuleManager: Shutting down and abandoning module LevelSequence (162)
[2018.04.09-15.01.34:301][841]LogModuleManager: Shutting down and abandoning module MeshUtilities (160)
[2018.04.09-15.01.34:301][841]LogModuleManager: Shutting down and abandoning module MeshMergeUtilities (159)
[2018.04.09-15.01.34:301][841]LogModuleManager: Shutting down and abandoning module MeshReductionInterface (158)
[2018.04.09-15.01.34:301][841]LogModuleManager: Shutting down and abandoning module SimplygonSwarm (157)
[2018.04.09-15.01.34:301][841]LogModuleManager: Shutting down and abandoning module SimplygonMeshReduction (155)
[2018.04.09-15.01.34:301][841]LogModuleManager: Shutting down and abandoning module QuadricMeshReduction (153)
[2018.04.09-15.01.34:301][841]LogModuleManager: Shutting down and abandoning module MaterialBaking (149)
[2018.04.09-15.01.34:302][841]LogModuleManager: Shutting down and abandoning module DirectoryWatcher (146)
[2018.04.09-15.01.34:302][841]LogModuleManager: Shutting down and abandoning module DerivedDataCache (144)
[2018.04.09-15.01.34:332][841]LogDerivedDataCache: Shutdown
[2018.04.09-15.01.34:332][841]LogModuleManager: Shutting down and abandoning module TargetPlatform (142)
[2018.04.09-15.01.34:332][841]LogModuleManager: Shutting down and abandoning module VulkanShaderFormat (141)
[2018.04.09-15.01.34:332][841]LogModuleManager: Shutting down and abandoning module ShaderFormatVectorVM (139)
[2018.04.09-15.01.34:367][841]LogModuleManager: Shutting down and abandoning module ShaderFormatOpenGL (137)
[2018.04.09-15.01.34:367][841]LogModuleManager: Shutting down and abandoning module ShaderFormatD3D (135)
[2018.04.09-15.01.34:368][841]LogModuleManager: Shutting down and abandoning module MetalShaderFormat (133)
[2018.04.09-15.01.34:368][841]LogModuleManager: Shutting down and abandoning module TextureFormatUncompressed (131)
[2018.04.09-15.01.34:368][841]LogModuleManager: Shutting down and abandoning module TextureFormatPVR (129)
[2018.04.09-15.01.34:368][841]LogModuleManager: Shutting down and abandoning module TextureFormatDXT (127)
[2018.04.09-15.01.34:368][841]LogModuleManager: Shutting down and abandoning module TextureFormatIntelISPCTexComp (125)
[2018.04.09-15.01.34:368][841]LogModuleManager: Shutting down and abandoning module TextureFormatASTC (123)
[2018.04.09-15.01.34:368][841]LogModuleManager: Shutting down and abandoning module ImageWrapper (122)
[2018.04.09-15.01.34:368][841]LogModuleManager: Shutting down and abandoning module TextureFormatAndroid (119)
[2018.04.09-15.01.34:368][841]LogModuleManager: Shutting down and abandoning module AudioFormatOpus (117)
[2018.04.09-15.01.34:368][841]LogModuleManager: Shutting down and abandoning module AudioFormatOgg (115)
[2018.04.09-15.01.34:368][841]LogModuleManager: Shutting down and abandoning module AudioFormatADPCM (113)
[2018.04.09-15.01.34:368][841]LogModuleManager: Shutting down and abandoning module LinuxTargetPlatform (111)
[2018.04.09-15.01.34:368][841]LogModuleManager: Shutting down and abandoning module LinuxServerTargetPlatform (109)
[2018.04.09-15.01.34:368][841]LogModuleManager: Shutting down and abandoning module LinuxNoEditorTargetPlatform (107)
[2018.04.09-15.01.34:368][841]LogModuleManager: Shutting down and abandoning module LinuxClientTargetPlatform (105)
[2018.04.09-15.01.34:368][841]LogModuleManager: Shutting down and abandoning module TVOSTargetPlatform (103)
[2018.04.09-15.01.34:368][841]LogModuleManager: Shutting down and abandoning module Messaging (101)
[2018.04.09-15.01.34:368][841]LogModuleManager: Shutting down and abandoning module IOSTargetPlatform (99)
[2018.04.09-15.01.34:368][841]LogModuleManager: Shutting down and abandoning module HTML5TargetPlatform (97)
[2018.04.09-15.01.34:368][841]LogModuleManager: Shutting down and abandoning module Android_PVRTCTargetPlatform (95)
[2018.04.09-15.01.34:368][841]LogModuleManager: Shutting down and abandoning module Android_MultiTargetPlatform (93)
[2018.04.09-15.01.34:368][841]LogModuleManager: Shutting down and abandoning module Android_ETC2TargetPlatform (91)
[2018.04.09-15.01.34:368][841]LogModuleManager: Shutting down and abandoning module Android_ETC1TargetPlatform (89)
[2018.04.09-15.01.34:368][841]LogModuleManager: Shutting down and abandoning module Android_DXTTargetPlatform (87)
[2018.04.09-15.01.34:368][841]LogModuleManager: Shutting down and abandoning module Android_ATCTargetPlatform (85)
[2018.04.09-15.01.34:368][841]LogModuleManager: Shutting down and abandoning module Android_ASTCTargetPlatform (83)
[2018.04.09-15.01.34:368][841]LogModuleManager: Shutting down and abandoning module AndroidTargetPlatform (81)
[2018.04.09-15.01.34:368][841]LogModuleManager: Shutting down and abandoning module WindowsTargetPlatform (79)
[2018.04.09-15.01.34:368][841]LogModuleManager: Shutting down and abandoning module WindowsServerTargetPlatform (77)
[2018.04.09-15.01.34:368][841]LogModuleManager: Shutting down and abandoning module WindowsNoEditorTargetPlatform (75)
[2018.04.09-15.01.34:368][841]LogModuleManager: Shutting down and abandoning module WindowsClientTargetPlatform (73)
[2018.04.09-15.01.34:368][841]LogModuleManager: Shutting down and abandoning module MacTargetPlatform (71)
[2018.04.09-15.01.34:368][841]LogModuleManager: Shutting down and abandoning module MacServerTargetPlatform (69)
[2018.04.09-15.01.34:369][841]LogModuleManager: Shutting down and abandoning module MacNoEditorTargetPlatform (67)
[2018.04.09-15.01.34:369][841]LogModuleManager: Shutting down and abandoning module MacClientTargetPlatform (65)
[2018.04.09-15.01.34:369][841]LogModuleManager: Shutting down and abandoning module AllDesktopTargetPlatform (63)
[2018.04.09-15.01.34:369][841]LogModuleManager: Shutting down and abandoning module InputCore (60)
[2018.04.09-15.01.34:369][841]LogModuleManager: Shutting down and abandoning module Settings (58)
[2018.04.09-15.01.34:369][841]LogModuleManager: Shutting down and abandoning module PhysXCooking (56)
[2018.04.09-15.01.34:369][841]LogModuleManager: Shutting down and abandoning module SteamVR (54)
[2018.04.09-15.01.34:369][841]LogModuleManager: Shutting down and abandoning module OculusHMD (52)
[2018.04.09-15.01.34:369][841]LogModuleManager: Shutting down and abandoning module ExampleDeviceProfileSelector (50)
[2018.04.09-15.01.34:369][841]LogModuleManager: Shutting down and abandoning module OnlineBlueprintSupport (48)
[2018.04.09-15.01.34:369][841]LogModuleManager: Shutting down and abandoning module OnlineSubsystem (44)
[2018.04.09-15.01.34:369][841]LogOnline: Display: Unloading online subsystem: NULL
[2018.04.09-15.01.34:407][841]LogModuleManager: Shutting down and abandoning module XMPP (43)
[2018.04.09-15.01.34:407][841]LogModuleManager: Shutting down and abandoning module HTTP (41)
[2018.04.09-15.01.34:407][841]LogHttp: Display: Http module shutting down, but needs to wait on 1 outstanding Http requests:
[2018.04.09-15.01.34:407][841]LogHttp: Display: 	verb=[POST] url=[https://datarouter.ol.epicgames.com/datarouter/api/v1/public/data?SessionID=%7BE6556DE3-4682-BF29-DAC6-0A846022B99B%7D&AppID=UEEditor.Rocket.Release&AppVersion=4.17.2-3658906%2B%2B%2BUE4%2BRelease-4.17&UserID=38874b184dff6193d8f0fdac06828502%7C0d08e578210e45b082f284cc95163ddb%7Cb02ebd49-7de1-4428-ad9c-f5e04e8f4c81&AppEnvironment=datacollector-binary&UploadType=eteventstream] status=Processing
[2018.04.09-15.01.34:411][841]LogModuleManager: Shutting down and abandoning module SSL (40)
[2018.04.09-15.01.34:413][841]LogModuleManager: Shutting down and abandoning module AnimationModifiers (36)
[2018.04.09-15.01.34:413][841]LogModuleManager: Shutting down and abandoning module PropertyEditor (35)
[2018.04.09-15.01.34:413][841]LogModuleManager: Shutting down and abandoning module AudioEditor (32)
[2018.04.09-15.01.34:413][841]LogModuleManager: Shutting down and abandoning module TextureCompressor (30)
[2018.04.09-15.01.34:413][841]LogModuleManager: Shutting down and abandoning module ShaderCore (28)
[2018.04.09-15.01.34:413][841]LogModuleManager: Shutting down and abandoning module Landscape (26)
[2018.04.09-15.01.34:413][841]LogModuleManager: Shutting down and abandoning module SlateRHIRenderer (24)
[2018.04.09-15.01.34:415][841]LogModuleManager: Shutting down and abandoning module OpenGLDrv (22)
[2018.04.09-15.01.34:415][841]LogModuleManager: Shutting down and abandoning module D3D11RHI (20)
[2018.04.09-15.01.34:415][841]LogModuleManager: Shutting down and abandoning module AnimGraphRuntime (18)
[2018.04.09-15.01.34:415][841]LogModuleManager: Shutting down and abandoning module Renderer (16)
[2018.04.09-15.01.34:415][841]LogModuleManager: Shutting down and abandoning module Engine (14)
[2018.04.09-15.01.34:415][841]LogModuleManager: Shutting down and abandoning module CoreUObject (12)
[2018.04.09-15.01.34:415][841]LogModuleManager: Shutting down and abandoning module NetworkFile (10)
[2018.04.09-15.01.34:415][841]LogModuleManager: Shutting down and abandoning module CookedIterativeFile (8)
[2018.04.09-15.01.34:415][841]LogModuleManager: Shutting down and abandoning module StreamingFile (6)
[2018.04.09-15.01.34:415][841]LogModuleManager: Shutting down and abandoning module SandboxFile (4)
[2018.04.09-15.01.34:415][841]LogModuleManager: Shutting down and abandoning module PakFile (2)
[2018.04.09-15.01.34:418][841]LogExit: Exiting.
[2018.04.09-15.01.34:441][841]Log file closed, 04/09/18 11:01:34
